[    0.000000] Linux version 4.15.0-212-generic (buildd@lcy02-amd64-083) (gcc version 7.5.0 (Ubuntu 7.5.0-3ubuntu1~18.04)) #223-Ubuntu SMP Tue May 23 13:09:22 UTC 2023 (Ubuntu 4.15.0-212.223-generic 4.15.18)
[    0.000000] Command line: BOOT_IMAGE=/boot/vmlinuz-4.15.0-212-generic root=LABEL=cloudimg-rootfs ro console=tty1 console=ttyS0
[    0.000000] KERNEL supported cpus:
[    0.000000]   Intel GenuineIntel
[    0.000000]   AMD AuthenticAMD
[    0.000000]   Centaur CentaurHauls
[    0.000000] x86/fpu: x87 FPU will use FXSAVE
[    0.000000] e820: BIOS-provided physical RAM map:
[    0.000000] BIOS-e820: [mem 0x0000000000000000-0x000000000009fbff] usable
[    0.000000] BIOS-e820: [mem 0x000000000009fc00-0x000000000009ffff] reserved
[    0.000000] BIOS-e820: [mem 0x00000000000f0000-0x00000000000fffff] reserved
[    0.000000] BIOS-e820: [mem 0x0000000000100000-0x000000003ffeffff] usable
[    0.000000] BIOS-e820: [mem 0x000000003fff0000-0x000000003fffffff] ACPI data
[    0.000000] BIOS-e820: [mem 0x00000000fec00000-0x00000000fec00fff] reserved
[    0.000000] BIOS-e820: [mem 0x00000000fee00000-0x00000000fee00fff] reserved
[    0.000000] BIOS-e820: [mem 0x00000000fffc0000-0x00000000ffffffff] reserved
[    0.000000] NX (Execute Disable) protection: active
[    0.000000] SMBIOS 2.5 present.
[    0.000000] DMI: innotek GmbH VirtualBox/VirtualBox, BIOS VirtualBox 12/01/2006
[    0.000000] Hypervisor detected: KVM
[    0.000000] e820: last_pfn = 0x3fff0 max_arch_pfn = 0x400000000
[    0.000000] MTRR: Disabled
[    0.000000] x86/PAT: MTRRs disabled, skipping PAT initialization too.
[    0.000000] CPU MTRRs all blank - virtualized system.
[    0.000000] x86/PAT: Configuration [0-7]: WB  WT  UC- UC  WB  WT  UC- UC  
[    0.000000] found SMP MP-table at [mem 0x0009fff0-0x0009ffff]
[    0.000000] Scanning 1 areas for low memory corruption
[    0.000000] RAMDISK: [mem 0x359cb000-0x36cdcfff]
[    0.000000] ACPI: Early table checksum verification disabled
[    0.000000] ACPI: RSDP 0x00000000000E0000 000024 (v02 VBOX  )
[    0.000000] ACPI: XSDT 0x000000003FFF0030 00003C (v01 VBOX   VBOXXSDT 00000001 ASL  00000061)
[    0.000000] ACPI: FACP 0x000000003FFF00F0 0000F4 (v04 VBOX   VBOXFACP 00000001 ASL  00000061)
[    0.000000] ACPI: DSDT 0x000000003FFF0610 002353 (v02 VBOX   VBOXBIOS 00000002 INTL 20100528)
[    0.000000] ACPI: FACS 0x000000003FFF0200 000040
[    0.000000] ACPI: FACS 0x000000003FFF0200 000040
[    0.000000] ACPI: APIC 0x000000003FFF0240 00005C (v02 VBOX   VBOXAPIC 00000001 ASL  00000061)
[    0.000000] ACPI: SSDT 0x000000003FFF02A0 00036C (v01 VBOX   VBOXCPUT 00000002 INTL 20100528)
[    0.000000] ACPI: Reserving FACP table memory at [mem 0x3fff00f0-0x3fff01e3]
[    0.000000] ACPI: Reserving DSDT table memory at [mem 0x3fff0610-0x3fff2962]
[    0.000000] ACPI: Reserving FACS table memory at [mem 0x3fff0200-0x3fff023f]
[    0.000000] ACPI: Reserving FACS table memory at [mem 0x3fff0200-0x3fff023f]
[    0.000000] ACPI: Reserving APIC table memory at [mem 0x3fff0240-0x3fff029b]
[    0.000000] ACPI: Reserving SSDT table memory at [mem 0x3fff02a0-0x3fff060b]
[    0.000000] No NUMA configuration found
[    0.000000] Faking a node at [mem 0x0000000000000000-0x000000003ffeffff]
[    0.000000] NODE_DATA(0) allocated [mem 0x3ffc5000-0x3ffeffff]
[    0.000000] kvm-clock: cpu 0, msr 0:3ff44001, primary cpu clock
[    0.000000] kvm-clock: Using msrs 4b564d01 and 4b564d00
[    0.000000] kvm-clock: using sched offset of 3770496510 cycles
[    0.000000] clocksource: kvm-clock: mask: 0xffffffffffffffff max_cycles: 0x1cd42e4dffb, max_idle_ns: 881590591483 ns
[    0.000000] Zone ranges:
[    0.000000]   DMA      [mem 0x0000000000001000-0x0000000000ffffff]
[    0.000000]   DMA32    [mem 0x0000000001000000-0x000000003ffeffff]
[    0.000000]   Normal   empty
[    0.000000]   Device   empty
[    0.000000] Movable zone start for each node
[    0.000000] Early memory node ranges
[    0.000000]   node   0: [mem 0x0000000000001000-0x000000000009efff]
[    0.000000]   node   0: [mem 0x0000000000100000-0x000000003ffeffff]
[    0.000000] Reserved but unavailable: 104 pages
[    0.000000] Initmem setup node 0 [mem 0x0000000000001000-0x000000003ffeffff]
[    0.000000] ACPI: PM-Timer IO Port: 0x4008
[    0.000000] IOAPIC[0]: apic_id 2, version 32, address 0xfec00000, GSI 0-23
[    0.000000] ACPI: INT_SRC_OVR (bus 0 bus_irq 0 global_irq 2 dfl dfl)
[    0.000000] ACPI: INT_SRC_OVR (bus 0 bus_irq 9 global_irq 9 low level)
[    0.000000] Using ACPI (MADT) for SMP configuration information
[    0.000000] smpboot: Allowing 2 CPUs, 0 hotplug CPUs
[    0.000000] PM: Registered nosave memory: [mem 0x00000000-0x00000fff]
[    0.000000] PM: Registered nosave memory: [mem 0x0009f000-0x0009ffff]
[    0.000000] PM: Registered nosave memory: [mem 0x000a0000-0x000effff]
[    0.000000] PM: Registered nosave memory: [mem 0x000f0000-0x000fffff]
[    0.000000] e820: [mem 0x40000000-0xfebfffff] available for PCI devices
[    0.000000] Booting paravirtualized kernel on KVM
[    0.000000] clocksource: refined-jiffies: mask: 0xffffffff max_cycles: 0xffffffff, max_idle_ns: 7645519600211568 ns
[    0.000000] setup_percpu: NR_CPUS:8192 nr_cpumask_bits:2 nr_cpu_ids:2 nr_node_ids:1
[    0.000000] percpu: Embedded 50 pages/cpu s167936 r8192 d28672 u1048576
[    0.000000] PV qspinlock hash table entries: 256 (order: 0, 4096 bytes)
[    0.000000] Built 1 zonelists, mobility grouping on.  Total pages: 257913
[    0.000000] Policy zone: DMA32
[    0.000000] Kernel command line: BOOT_IMAGE=/boot/vmlinuz-4.15.0-212-generic root=LABEL=cloudimg-rootfs ro console=tty1 console=ttyS0
[    0.000000] Memory: 982644K/1048120K available (12300K kernel code, 2477K rwdata, 4324K rodata, 2480K init, 2720K bss, 65476K reserved, 0K cma-reserved)
[    0.000000] SLUB: HWalign=64, Order=0-3, MinObjects=0, CPUs=2, Nodes=1
[    0.000000] ftrace: allocating 39508 entries in 155 pages
[    0.004000] Hierarchical RCU implementation.
[    0.004000] 	RCU restricting CPUs from NR_CPUS=8192 to nr_cpu_ids=2.
[    0.004000] 	Tasks RCU enabled.
[    0.004000] RCU: Adjusting geometry for rcu_fanout_leaf=16, nr_cpu_ids=2
[    0.004000] NR_IRQS: 524544, nr_irqs: 440, preallocated irqs: 16
[    0.004000] random: crng init done
[    0.004000] Console: colour VGA+ 80x25
[    0.004000] console [tty1] enabled
[    0.004000] console [ttyS0] enabled
[    0.004000] ACPI: Core revision 20170831
[    0.004000] ACPI: 2 ACPI AML tables successfully acquired and loaded
[    0.004000] APIC: Switch to symmetric I/O mode setup
[    0.004000] ..TIMER: vector=0x30 apic1=0 pin1=2 apic2=-1 pin2=-1
[    0.004006] tsc: Detected 2995.198 MHz processor
[    0.008010] Calibrating delay loop (skipped) preset value.. 5990.39 BogoMIPS (lpj=11980792)
[    0.012005] pid_max: default: 32768 minimum: 301
[    0.016071] Security Framework initialized
[    0.020006] Yama: becoming mindful.
[    0.023227] AppArmor: AppArmor initialized
[    0.030303] Dentry cache hash table entries: 131072 (order: 8, 1048576 bytes)
[    0.033917] Inode-cache hash table entries: 65536 (order: 7, 524288 bytes)
[    0.036085] Mount-cache hash table entries: 2048 (order: 2, 16384 bytes)
[    0.040078] Mountpoint-cache hash table entries: 2048 (order: 2, 16384 bytes)
[    0.049050] Last level iTLB entries: 4KB 0, 2MB 0, 4MB 0
[    0.052005] Last level dTLB entries: 4KB 0, 2MB 0, 4MB 0, 1GB 0
[    0.056006] Spectre V1 : Mitigation: usercopy/swapgs barriers and __user pointer sanitization
[    0.060005] Spectre V2 : Mitigation: Enhanced IBRS
[    0.064004] Spectre V2 : Spectre v2 / SpectreRSB mitigation: Filling RSB on context switch
[    0.068004] Spectre V2 : Spectre v2 / PBRSB-eIBRS: Retire a single CALL on VMEXIT
[    0.072005] RETBleed: Mitigation: Enhanced IBRS
[    0.076003] Speculative Store Bypass: Vulnerable
[    0.080156] Freeing SMP alternatives memory: 36K
[    0.196575] smpboot: CPU0: 11th Gen Intel(R) Core(TM) i3-1115G4 @ 3.00GHz (family: 0x6, model: 0x8c, stepping: 0x1)
[    0.200882] Performance Events: unsupported p6 CPU model 140 no PMU driver, software events only.
[    0.204145] Hierarchical SRCU implementation.
[    0.208743] NMI watchdog: Perf event create on CPU 0 failed with -2
[    0.212006] NMI watchdog: Perf NMI watchdog permanently disabled
[    0.216279] smp: Bringing up secondary CPUs ...
[    0.224435] x86: Booting SMP configuration:
[    0.228011] .... node  #0, CPUs:      #1
[    0.004000] kvm-clock: cpu 1, msr 0:3ff44041, secondary cpu clock
[    0.238999] TSC synchronization [CPU#0 -> CPU#1]:
[    0.240000] Measured 67810 cycles TSC warp between CPUs, turning off TSC clock.
[    0.240000] tsc: Marking TSC unstable due to check_tsc_sync_source failed
[    0.244198] smp: Brought up 1 node, 2 CPUs
[    0.248012] smpboot: Max logical packages: 1
[    0.252009] smpboot: Total of 2 processors activated (11980.79 BogoMIPS)
[    0.256423] devtmpfs: initialized
[    0.260089] x86/mm: Memory block size: 128MB
[    0.264507] evm: security.selinux
[    0.267022] evm: security.SMACK64
[    0.268009] evm: security.SMACK64EXEC
[    0.272004] evm: security.SMACK64TRANSMUTE
[    0.274838] evm: security.SMACK64MMAP
[    0.276005] evm: security.apparmor
[    0.280004] evm: security.ima
[    0.284004] evm: security.capability
[    0.288354] clocksource: jiffies: mask: 0xffffffff max_cycles: 0xffffffff, max_idle_ns: 7645041785100000 ns
[    0.292028] futex hash table entries: 512 (order: 3, 32768 bytes)
[    0.296186] pinctrl core: initialized pinctrl subsystem
[    0.300500] RTC time: 18:58:22, date: 07/28/23
[    0.304914] NET: Registered protocol family 16
[    0.308149] audit: initializing netlink subsys (disabled)
[    0.312193] audit: type=2000 audit(1690570707.641:1): state=initialized audit_enabled=0 res=1
[    0.320009] cpuidle: using governor ladder
[    0.324015] cpuidle: using governor menu
[    0.327928] ACPI: bus type PCI registered
[    0.328007] acpiphp: ACPI Hot Plug PCI Controller Driver version: 0.5
[    0.332452] PCI: Using configuration type 1 for base access
[    0.344112] HugeTLB registered 2.00 MiB page size, pre-allocated 0 pages
[    0.352612] ACPI: Added _OSI(Module Device)
[    0.356009] ACPI: Added _OSI(Processor Device)
[    0.360007] ACPI: Added _OSI(3.0 _SCP Extensions)
[    0.363287] ACPI: Added _OSI(Processor Aggregator Device)
[    0.364010] ACPI: Added _OSI(Linux-Dell-Video)
[    0.368003] ACPI: Added _OSI(Linux-Lenovo-NV-HDMI-Audio)
[    0.372003] ACPI: Added _OSI(Linux-HPI-Hybrid-Graphics)
[    0.377142] ACPI: Executed 1 blocks of module-level executable AML code
[    0.385990] ACPI: Interpreter enabled
[    0.388023] ACPI: (supports S0 S5)
[    0.392005] ACPI: Using IOAPIC for interrupt routing
[    0.396333] PCI: Using host bridge windows from ACPI; if necessary, use "pci=nocrs" and report a bug
[    0.400276] ACPI: Enabled 2 GPEs in block 00 to 07
[    0.412753] ACPI: PCI Root Bridge [PCI0] (domain 0000 [bus 00-ff])
[    0.416015] acpi PNP0A03:00: _OSC: OS supports [ASPM ClockPM Segments MSI]
[    0.424310] acpi PNP0A03:00: _OSC: not requesting OS control; OS requires [ExtendedConfig ASPM ClockPM MSI]
[    0.428024] acpi PNP0A03:00: fail to add MMCONFIG information, can't access extended PCI configuration space under this bridge.
[    0.432696] PCI host bridge to bus 0000:00
[    0.436005] pci_bus 0000:00: root bus resource [io  0x0000-0x0cf7 window]
[    0.440008] pci_bus 0000:00: root bus resource [io  0x0d00-0xffff window]
[    0.444006] pci_bus 0000:00: root bus resource [mem 0x000a0000-0x000bffff window]
[    0.448005] pci_bus 0000:00: root bus resource [mem 0x40000000-0xfdffffff window]
[    0.452008] pci_bus 0000:00: root bus resource [bus 00-ff]
[    0.465840] pci 0000:00:01.1: legacy IDE quirk: reg 0x10: [io  0x01f0-0x01f7]
[    0.468007] pci 0000:00:01.1: legacy IDE quirk: reg 0x14: [io  0x03f6]
[    0.472005] pci 0000:00:01.1: legacy IDE quirk: reg 0x18: [io  0x0170-0x0177]
[    0.476004] pci 0000:00:01.1: legacy IDE quirk: reg 0x1c: [io  0x0376]
[    0.501321] pci 0000:00:07.0: quirk: [io  0x4000-0x403f] claimed by PIIX4 ACPI
[    0.504031] pci 0000:00:07.0: quirk: [io  0x4100-0x410f] claimed by PIIX4 SMB
[    0.518803] ACPI: PCI Interrupt Link [LNKA] (IRQs 5 9 10 *11)
[    0.525054] ACPI: PCI Interrupt Link [LNKB] (IRQs 5 9 *10 11)
[    0.528208] ACPI: PCI Interrupt Link [LNKC] (IRQs 5 *9 10 11)
[    0.532169] ACPI: PCI Interrupt Link [LNKD] (IRQs 5 9 10 *11)
[    0.536589] SCSI subsystem initialized
[    0.540195] pci 0000:00:02.0: vgaarb: setting as boot VGA device
[    0.544000] pci 0000:00:02.0: vgaarb: VGA device added: decodes=io+mem,owns=io+mem,locks=none
[    0.544009] pci 0000:00:02.0: vgaarb: bridge control possible
[    0.548004] vgaarb: loaded
[    0.552128] ACPI: bus type USB registered
[    0.556023] usbcore: registered new interface driver usbfs
[    0.560035] usbcore: registered new interface driver hub
[    0.564019] usbcore: registered new device driver usb
[    0.568094] EDAC MC: Ver: 3.0.0
[    0.572329] PCI: Using ACPI for IRQ routing
[    0.576698] NetLabel: Initializing
[    0.579839] NetLabel:  domain hash size = 128
[    0.580005] NetLabel:  protocols = UNLABELED CIPSOv4 CALIPSO
[    0.584024] NetLabel:  unlabeled traffic allowed by default
[    0.592006] clocksource: Switched to clocksource kvm-clock
[    0.612028] VFS: Disk quotas dquot_6.6.0
[    0.612028] VFS: Dquot-cache hash table entries: 512 (order 0, 4096 bytes)
[    0.612028] AppArmor: AppArmor Filesystem Enabled
[    0.612028] pnp: PnP ACPI init
[    0.612028] pnp: PnP ACPI: found 3 devices
[    0.687092] clocksource: acpi_pm: mask: 0xffffff max_cycles: 0xffffff, max_idle_ns: 2085701024 ns
[    0.688310] NET: Registered protocol family 2
[    0.688310] IP idents hash table entries: 16384 (order: 5, 131072 bytes)
[    0.705314] TCP established hash table entries: 8192 (order: 4, 65536 bytes)
[    0.712237] TCP bind hash table entries: 8192 (order: 5, 131072 bytes)
[    0.718036] TCP: Hash tables configured (established 8192 bind 8192)
[    0.721604] UDP hash table entries: 512 (order: 2, 16384 bytes)
[    0.721604] UDP-Lite hash table entries: 512 (order: 2, 16384 bytes)
[    0.721604] NET: Registered protocol family 1
[    0.721604] pci 0000:00:00.0: Limiting direct PCI/PCI transfers
[    0.721604] pci 0000:00:01.0: Activating ISA DMA hang workarounds
[    0.721604] pci 0000:00:02.0: Video device with shadowed ROM at [mem 0x000c0000-0x000dffff]
[    0.721604] Unpacking initramfs...
[    0.721604] Freeing initrd memory: 19528K
[    0.721604] clocksource: tsc: mask: 0xffffffffffffffff max_cycles: 0x2b2c8d6afc8, max_idle_ns: 440795331172 ns
[    0.721604] platform rtc_cmos: registered platform RTC device (no PNP device found)
[    0.721604] Scanning for low memory corruption every 60 seconds
[    1.220064] Initialise system trusted keyrings
[    1.226142] Key type blacklist registered
[    1.230878] workingset: timestamp_bits=36 max_order=18 bucket_order=0
[    1.240547] zbud: loaded
[    1.246038] squashfs: version 4.0 (2009/01/31) Phillip Lougher
[    1.252805] fuse init (API version 7.26)
[    1.277828] Key type asymmetric registered
[    1.282072] Asymmetric key parser 'x509' registered
[    1.287539] Block layer SCSI generic (bsg) driver version 0.4 loaded (major 246)
[    1.296776] io scheduler noop registered
[    1.301608] io scheduler deadline registered
[    1.307705] io scheduler cfq registered (default)
[    1.313863] ACPI: AC Adapter [AC] (on-line)
[    1.317362] input: Power Button as /devices/LNXSYSTM:00/LNXPWRBN:00/input/input0
[    1.323864] ACPI: Power Button [PWRF]
[    1.327905] input: Sleep Button as /devices/LNXSYSTM:00/LNXSLPBN:00/input/input1
[    1.335749] ACPI: Sleep Button [SLPF]
[    1.341688] ACPI: Battery Slot [BAT0] (battery present)
[    1.347178] Serial: 8250/16550 driver, 32 ports, IRQ sharing enabled
[    1.382035] 00:02: ttyS0 at I/O 0x3f8 (irq = 4, base_baud = 115200) is a 16550A
[    1.389553] Linux agpgart interface v0.103
[    1.398331] loop: module loaded
[    1.406729] scsi host0: ata_piix
[    1.413568] scsi host1: ata_piix
[    1.416983] ata1: PATA max UDMA/33 cmd 0x1f0 ctl 0x3f6 bmdma 0xd000 irq 14
[    1.423062] ata2: PATA max UDMA/33 cmd 0x170 ctl 0x376 bmdma 0xd008 irq 15
[    1.428542] tun: Universal TUN/TAP device driver, 1.6
[    1.434800] PPP generic driver version 2.4.2
[    1.439328] ehci_hcd: USB 2.0 'Enhanced' Host Controller (EHCI) Driver
[    1.444875] ehci-pci: EHCI PCI platform driver
[    1.449204] ehci-platform: EHCI generic platform driver
[    1.456656] ohci_hcd: USB 1.1 'Open' Host Controller (OHCI) Driver
[    1.461632] ohci-pci: OHCI PCI platform driver
[    1.465743] ohci-platform: OHCI generic platform driver
[    1.470151] uhci_hcd: USB Universal Host Controller Interface driver
[    1.475985] i8042: PNP: PS/2 Controller [PNP0303:PS2K,PNP0f03:PS2M] at 0x60,0x64 irq 1,12
[    1.486331] serio: i8042 KBD port at 0x60,0x64 irq 1
[    1.490642] serio: i8042 AUX port at 0x60,0x64 irq 12
[    1.496723] mousedev: PS/2 mouse device common for all mice
[    1.505301] input: AT Translated Set 2 keyboard as /devices/platform/i8042/serio0/input/input2
[    1.515728] rtc_cmos rtc_cmos: rtc core: registered rtc_cmos as rtc0
[    1.521580] rtc_cmos rtc_cmos: alarms up to one day, 114 bytes nvram
[    1.527931] i2c /dev entries driver
[    1.531075] device-mapper: uevent: version 1.0.3
[    1.536510] device-mapper: ioctl: 4.37.0-ioctl (2017-09-20) initialised: dm-devel@redhat.com
[    1.543901] ledtrig-cpu: registered to indicate activity on CPUs
[    1.551684] NET: Registered protocol family 10
[    1.565333] Segment Routing with IPv6
[    1.569622] NET: Registered protocol family 17
[    1.574277] Key type dns_resolver registered
[    1.579594] mce: Using 0 MCE banks
[    1.582313] RAS: Correctable Errors collector initialized.
[    1.586486] sched_clock: Marking stable (1586395805, 0)->(2253757702, -667361897)
[    1.648787] registered taskstats version 1
[    1.652659] Loading compiled-in X.509 certificates
[    1.663155] Loaded X.509 cert 'Build time autogenerated kernel key: b5b26778eaa3ab3a4a6cee031137706e947d12ad'
[    1.672077] Loaded X.509 cert 'Canonical Ltd. Live Patch Signing: 14df34d1a87cf37625abec039ef2bf521249b969'
[    1.681155] Loaded X.509 cert 'Canonical Ltd. Kernel Module Signing: 88f752e560a1e0737e31163a466ad7b70a850c19'
[    1.689319] blacklist: Loading compiled-in revocation X.509 certificates
[    1.694637] Loaded X.509 cert 'Canonical Ltd. Secure Boot Signing: 61482aa2830d0ab2ad5af10b7250da9033ddcef0'
[    1.702285] Loaded X.509 cert 'Canonical Ltd. Secure Boot Signing (2017): 242ade75ac4a15e50d50c84b0d45ff3eae707a03'
[    1.711405] Loaded X.509 cert 'Canonical Ltd. Secure Boot Signing (ESM 2018): 365188c1d374d6b07c3c8f240f8ef722433d6a8b'
[    1.723114] Loaded X.509 cert 'Canonical Ltd. Secure Boot Signing (2019): c0746fd6c5da3ae827864651ad66ae47fe24b3e8'
[    1.734647] Loaded X.509 cert 'Canonical Ltd. Secure Boot Signing (2021 v1): a8d54bbb3825cfb94fa13c9f8a594a195c107b8d'
[    1.743311] Loaded X.509 cert 'Canonical Ltd. Secure Boot Signing (2021 v2): 4cf046892d6fd3c9a5b03f98d845f90851dc6a8c'
[    1.752435] Loaded X.509 cert 'Canonical Ltd. Secure Boot Signing (2021 v3): 100437bb6de6e469b581e61cd66bce3ef4ed53af'
[    1.761528] Loaded X.509 cert 'Canonical Ltd. Secure Boot Signing (Ubuntu Core 2019): c1d57b8f6b743f23ee41f4f7ee292f06eecadfb9'
[    1.772358] zswap: loaded using pool lzo/zbud
[    1.786910] Key type big_key registered
[    1.792183] Key type trusted registered
[    1.800702] Key type encrypted registered
[    1.806756] AppArmor: AppArmor sha1 policy hashing enabled
[    1.812051] ima: No TPM chip found, activating TPM-bypass! (rc=-19)
[    1.818347] ima: Allocated hash algorithm: sha1
[    1.823337] evm: HMAC attrs: 0x1
[    1.828720]   Magic number: 15:463:1000
[    1.832379] misc memory_bandwidth: hash matches
[    1.837874] serial 00:02: hash matches
[    1.842159] rtc_cmos rtc_cmos: setting system clock to 2023-07-28 18:58:24 UTC (1690570704)
[    1.851142] BIOS EDD facility v0.16 2004-Jun-25, 0 devices found
[    1.857380] EDD information not available.
[    1.864996] Freeing unused kernel image memory: 2480K
[    1.884680] Write protecting the kernel read-only data: 20480k
[    1.890844] Freeing unused kernel image memory: 2008K
[    1.897760] Freeing unused kernel image memory: 1820K
[    1.911137] x86/mm: Checked W+X mappings: passed, no W+X pages found.
Loading, please wait...
starting version 237
[    2.021130] e1000: Intel(R) PRO/1000 Network Driver - version 7.3.21-k8-NAPI
[    2.027738] e1000: Copyright (c) 1999-2006 Intel Corporation.
[    2.056559] Fusion MPT base driver 3.04.20
[    2.060954] Copyright (c) 1999-2008 LSI Corporation
[    2.092005] SSE version of gcm_enc/dec engaged.
[    2.113219] Fusion MPT SPI Host driver 3.04.20
[    2.298475] input: ImExPS/2 Generic Explorer Mouse as /devices/platform/i8042/serio1/input/input4
[    2.785376] e1000 0000:00:03.0 eth0: (PCI:33MHz:32-bit) 02:3b:7b:b7:3b:2d
[    2.792038] e1000 0000:00:03.0 eth0: Intel(R) PRO/1000 Network Connection
[    3.453888] e1000 0000:00:08.0 eth1: (PCI:33MHz:32-bit) 08:00:27:1a:23:39
[    3.461571] e1000 0000:00:08.0 eth1: Intel(R) PRO/1000 Network Connection
[    3.475650] e1000 0000:00:08.0 enp0s8: renamed from eth1
[    3.482975] mptbase: ioc0: Initiating bringup
[    3.507256] e1000 0000:00:03.0 enp0s3: renamed from eth0
[    3.677799] ioc0: LSI53C1030 A0: Capabilities={Initiator}
[    5.248726] scsi host2: ioc0: LSI53C1030 A0, FwRev=00000000h, Ports=1, MaxQ=256, IRQ=20
[    5.626512] scsi 2:0:0:0: Direct-Access     VBOX     HARDDISK         1.0  PQ: 0 ANSI: 5
[    5.676593] scsi target2:0:0: Beginning Domain Validation
[    5.690898] scsi target2:0:0: Domain Validation skipping write tests
[    5.697711] scsi target2:0:0: Ending Domain Validation
[    5.702402] scsi target2:0:0: asynchronous
[    5.708405] scsi 2:0:1:0: Direct-Access     VBOX     HARDDISK         1.0  PQ: 0 ANSI: 5
[    7.486701] scsi target2:0:1: Beginning Domain Validation
[    7.507606] scsi target2:0:1: Domain Validation skipping write tests
[    7.514856] scsi target2:0:1: Ending Domain Validation
[    7.522057] scsi target2:0:1: asynchronous
[    7.540460] sd 2:0:0:0: Attached scsi generic sg0 type 0
[    7.542973] sd 2:0:0:0: [sda] 83886080 512-byte logical blocks: (42.9 GB/40.0 GiB)
[    7.553264] sd 2:0:0:0: [sda] Write Protect is off
[    7.557466] sd 2:0:1:0: Attached scsi generic sg1 type 0
[    7.558735] sd 2:0:1:0: [sdb] 20480 512-byte logical blocks: (10.5 MB/10.0 MiB)
[    7.571401] sd 2:0:0:0: [sda] Incomplete mode parameter data
[    7.576313] sd 2:0:0:0: [sda] Assuming drive cache: write through
[    7.583661] sd 2:0:1:0: [sdb] Write Protect is off
[    7.590075] sd 2:0:1:0: [sdb] Incomplete mode parameter data
[    7.594956] sd 2:0:1:0: [sdb] Assuming drive cache: write through
[    7.609989]  sda: sda1
[    7.616363] sd 2:0:0:0: [sda] Attached SCSI disk
[    7.622246] sd 2:0:1:0: [sdb] Attached SCSI disk
Begin: Loading essential drivers ... [   10.660699] raid6: sse2x1   gen() 291569 MB/s
[   11.653216] raid6: sse2x1   xor() 172743 MB/s
[   12.652508] raid6: sse2x2   gen() 371957 MB/s
[   14.653829] raid6: sse2x2   xor() 260648 MB/s
[   14.704883] raid6: sse2x4   gen() 14921 MB/s
[   14.757219] raid6: sse2x4   xor()  9123 MB/s
[   14.761848] raid6: using algorithm sse2x2 gen() 371957 MB/s
[   14.766890] raid6: .... xor() 260648 MB/s, rmw enabled
[   14.773767] raid6: using ssse3x2 recovery algorithm
[   14.781605] xor: measuring software checksum speed
[   14.824282]    prefetch64-sse: 24221.000 MB/sec
[   14.868321]    generic_sse: 21619.000 MB/sec
[   14.872425] xor: using function: prefetch64-sse (24221.000 MB/sec)
[   14.879998] async_tx: api initialized (async)
done.
Begin: Running /scripts/init-premount ... done.
Begin: Mounting root file system ... Begin: Running /scripts/local-top ... done.
Begin: Running /scripts/local-premount ... [   14.947664] Btrfs loaded, crc32c=crc32c-intel
Scanning for Btrfs filesystems
done.
Warning: fsck not present, so skipping root file system
[   15.017040] EXT4-fs (sda1): mounted filesystem with ordered data mode. Opts: (null)
done.
Begin: Running /scripts/local-bottom ... done.
Begin: Running /scripts/init-bottom ... done.
[   15.299604] ip_tables: (C) 2000-2006 Netfilter Core Team
[   15.321588] systemd[1]: systemd 237 running in system mode. (+PAM +AUDIT +SELINUX +IMA +APPARMOR +SMACK +SYSVINIT +UTMP +LIBCRYPTSETUP +GCRYPT +GNUTLS +ACL +XZ +LZ4 +SECCOMP +BLKID +ELFUTILS +KMOD -IDN2 +IDN -PCRE2 default-hierarchy=hybrid)
[   15.337812] systemd[1]: Detected virtualization oracle.
[   15.342327] systemd[1]: Detected architecture x86-64.

Welcome to [1mUbuntu 18.04.6 LTS[0m!

[   15.375352] systemd[1]: Set hostname to <ubuntu>.
[   15.386734] systemd[1]: Initializing machine ID from random generator.
[   15.393115] systemd[1]: Installed transient /etc/machine-id file.
[   15.782377] systemd[1]: Reached target Swap.
[[0;32m  OK  [0m] Reached target Swap.
[   15.798639] systemd[1]: Created slice User and Session Slice.
[[0;32m  OK  [0m] Created slice User and Session Slice.
[   15.805571] systemd[1]: Reached target System Time Synchronized.
[[0;32m  OK  [0m] Reached target System Time Synchronized.
[   15.834076] systemd[1]: Started Forward Password Requests to Wall Directory Watch.
[[0;32m  OK  [0m] Started Forward Password Requests to Wall Directory Watch.
[[0;32m  OK  [0m] Reached target User and Group Name Lookups.
[[0;32m  OK  [0m] Created slice System Slice.
[[0;32m  OK  [0m] Listening on LVM2 metadata daemon socket.
[[0;32m  OK  [0m] Listening on fsck to fsckd communication Socket.
[[0;32m  OK  [0m] Listening on udev Kernel Socket.
[[0;32m  OK  [0m] Created slice system-serial\x2dgetty.slice.
[[0;32m  OK  [0m] Listening on Journal Audit Socket.
[[0;32m  OK  [0m] Listening on Network Service Netlink Socket.
[[0;32m  OK  [0m] Listening on Journal Socket (/dev/log).
[[0;32m  OK  [0m] Listening on udev Control Socket.
[[0;32m  OK  [0m] Listening on /dev/initctl Compatibility Named Pipe.
[[0;32m  OK  [0m] Reached target Slices.
[[0;32m  OK  [0m] Listening on Device-mapper event daemon FIFOs.
[[0;32m  OK  [0m] Listening on Syslog Socket.
[[0;32m  OK  [0m] Listening on Journal Socket.
         Starting udev Coldplug all Devices...
         Starting File System Check on Root Device...
         Mounting POSIX Message Queue File System...
         Starting Monitoring of LVM2 mirrors…ng dmeventd or progress polling...
         Starting Uncomplicated firewall...
         Starting Create list of required st…ce nodes for the current kernel...
         Mounting Kernel Debug File System...
[[0;32m  OK  [0m] Listening on LVM2 poll daemon socket.
         Starting Set the console keyboard layout...
         Mounting Huge Pages File System...
[[0;32m  OK  [0m] Reached target Mounting snaps.
[[0;32m  OK  [0m] Reached target Mounted snaps.
         Starting Journal Service...
         Starting Load Kernel Modules...
[[0;32m  OK  [0m] Set up automount Arbitrary Executab…rmats File System Automount Point.
[[0;32m  OK  [0m] Mounted POSIX Message Queue File System.
[[0;32m  OK  [0m] Started Uncomplicated firewall.
[[0;32m  OK  [0m] Started Create list of required sta…vice nodes for the current kernel.
[[0;32m  OK  [0m] Mounted Kernel Debug File System.
[[0;32m  OK  [0m] Mounted Huge Pages File System.
[[0;32m  OK  [0m] Started File System Check Daemon to report status.
         Starting Create Static Device Nodes in /dev...
[[0;32m  OK  [0m] Started udev Coldplug all Devices.
[[0;32m  OK  [0m] Started Journal Service.
[[0;32m  OK  [0m] Started File System Check on Root Device.
         Starting Remount Root and Kernel File Systems...
[   16.083837] Loading iSCSI transport class v2.0-870.
[[0;32m  OK  [0m] Started Create Static Device Nodes in /dev.
[[0;32m  OK  [0m] Started LVM2 metadata daemon.
[   16.151305] EXT4-fs (sda1): re-mounted. Opts: (null)
[[0;32m  OK  [0m] Started Remount Root and Kernel File Systems.
         Starting Flush Journal to Persistent Storage...[   16.169636] iscsi: registered transport (tcp)

         Starting udev Kernel Device Manager...
         Starting Load/Save Random Seed...
[   16.228504] systemd-journald[420]: Received request to flush runtime journal from PID 1
[[0;32m  OK  [0m] Started Load/Save Random Seed.
[[0;32m  OK  [0m] Started udev Kernel Device Manager.
[   16.337756] iscsi: registered transport (iser)
[[0;32m  OK  [0m] Started Load Kernel Modules.
         Starting Apply Kernel Variables...
         Mounting FUSE Control File System...
         Mounting Kernel Configuration File System...
[[0;32m  OK  [0m] Started Monitoring of LVM2 mirrors,…sing dmeventd or progress polling.
[[0;32m  OK  [0m] Mounted FUSE Control File System.
[[0;32m  OK  [0m] Mounted Kernel Configuration File System.
[[0;32m  OK  [0m] Started Flush Journal to Persistent Storage.
[[0;32m  OK  [0m] Started Apply Kernel Variables.
[[0;32m  OK  [0m] Found device /dev/ttyS0.
[[0;32m  OK  [0m] Listening on Load/Save RF Kill Switch Status /dev/rfkill Watch.
[[0;32m  OK  [0m] Started Set the console keyboard layout.
[[0;32m  OK  [0m] Started Dispatch Password Requests to Console Directory Watch.
[[0;32m  OK  [0m] Reached target Local Encrypted Volumes.
[[0;32m  OK  [0m] Reached target Local File Systems (Pre).
[[0;32m  OK  [0m] Reached target Local File Systems.
         Starting Set console font and keymap...
         Starting Tell Plymouth To Write Out Runtime Data...
         Starting Create Volatile Files and Directories...
         Starting Commit a transient machine-id on disk...
         Starting AppArmor initialization...
         Starting ebtables ruleset management...
[[0;32m  OK  [0m] Started Tell Plymouth To Write Out Runtime Data.
[[0;32m  OK  [0m] Started Create Volatile Files and Directories.
         Starting Update UTMP about System Boot/Shutdown...
[[0;32m  OK  [0m] Started Update UTMP about System Boot/Shutdown.
[[0;32m  OK  [0m] Started Commit a transient machine-id on disk.
[[0;32m  OK  [0m] Started ebtables ruleset management.
         Mounting Arbitrary Executable File Formats File System...
[[0;32m  OK  [0m] Mounted Arbitrary Executable File Formats File System.
[[0;32m  OK  [0m] Started AppArmor initialization.
         Starting Load AppArmor profiles managed internally by snapd...
         Starting Initial cloud-init job (pre-networking)...
[[0;32m  OK  [0m] Started Load AppArmor profiles managed internally by snapd.
[[0;32m  OK  [0m] Started Set console font and keymap.
[   20.200611] cloud-init[774]: Cloud-init v. 23.1.2-0ubuntu0~18.04.1 running 'init-local' at Fri, 28 Jul 2023 18:58:42 +0000. Up 19.81 seconds.
[[0;32m  OK  [0m] Started Initial cloud-init job (pre-networking).
[[0;32m  OK  [0m] Reached target Network (Pre).
         Starting Network Service...
[[0;32m  OK  [0m] Started Network Service.
         Starting Network Name Resolution...
         Starting Wait for Network to be Configured...
[[0;32m  OK  [0m] Started Network Name Resolution.
[[0;32m  OK  [0m] Reached target Host and Network Name Lookups.
[[0;32m  OK  [0m] Reached target Network.
[[0;32m  OK  [0m] Started Wait for Network to be Configured.
         Starting Initial cloud-init job (metadata service crawler)...
[   21.984732] cloud-init[935]: Cloud-init v. 23.1.2-0ubuntu0~18.04.1 running 'init' at Fri, 28 Jul 2023 18:58:44 +0000. Up 21.82 seconds.
[   21.988133] cloud-init[935]: ci-info: ++++++++++++++++++++++++++++++++++++++Net device info+++++++++++++++++++++++++++++++++++++++
[   21.991222] cloud-init[935]: ci-info: +--------+-------+----------------------------+---------------+--------+-------------------+
[   21.995859] cloud-init[935]: ci-info: | Device |   Up  |          Address           |      Mask     | Scope  |     Hw-Address    |
[   21.998935] cloud-init[935]: ci-info: +--------+-------+----------------------------+---------------+--------+-------------------+
[   22.001736] cloud-init[935]: ci-info: | enp0s3 |  True |         10.0.2.15          | 255.255.255.0 | global | 02:3b:7b:b7:3b:2d |
[   22.004946] cloud-init[935]: ci-info: | enp0s3 |  True | fe80::3b:7bff:feb7:3b2d/64 |       .       |  link  | 02:3b:7b:b7:3b:2d |
[   22.007837] cloud-init[935]: ci-info: | enp0s8 | False |             .              |       .       |   .    | 08:00:27:1a:23:39 |
[   22.011161] cloud-init[935]: ci-info: |   lo   |  True |         127.0.0.1          |   255.0.0.0   |  host  |         .         |
[   22.014135] cloud-init[935]: ci-info: |   lo   |  True |          ::1/128           |       .       |  host  |         .         |
[   22.017137] cloud-init[935]: ci-info: +--------+-------+----------------------------+---------------+--------+-------------------+
[   22.020142] cloud-init[935]: ci-info: ++++++++++++++++++++++++++++Route IPv4 info+++++++++++++++++++++++++++++
[   22.022644] cloud-init[935]: ci-info: +-------+-------------+----------+-----------------+-----------+-------+
[   22.025611] cloud-init[935]: ci-info: | Route | Destination | Gateway  |     Genmask     | Interface | Flags |
[   22.028328] cloud-init[935]: ci-info: +-------+-------------+----------+-----------------+-----------+-------+
[   22.030924] cloud-init[935]: ci-info: |   0   |   0.0.0.0   | 10.0.2.2 |     0.0.0.0     |   enp0s3  |   UG  |
[   22.033969] cloud-init[935]: ci-info: |   1   |   10.0.2.0  | 0.0.0.0  |  255.255.255.0  |   enp0s3  |   U   |
[   22.036781] cloud-init[935]: ci-info: |   2   |   10.0.2.2  | 0.0.0.0  | 255.255.255.255 |   enp0s3  |   UH  |
[   22.039279] cloud-init[935]: ci-info: +-------+-------------+----------+-----------------+-----------+-------+
[   22.042606] cloud-init[935]: ci-info: +++++++++++++++++++Route IPv6 info+++++++++++++++++++
[   22.045515] cloud-init[935]: ci-info: +-------+-------------+---------+-----------+-------+
[   22.050006] cloud-init[935]: ci-info: | Route | Destination | Gateway | Interface | Flags |
[   22.054791] cloud-init[935]: ci-info: +-------+-------------+---------+-----------+-------+
[   22.059103] cloud-init[935]: ci-info: |   1   |  fe80::/64  |    ::   |   enp0s3  |   U   |
[   22.063616] cloud-init[935]: ci-info: |   3   |    local    |    ::   |   enp0s3  |   U   |
[   22.068847] cloud-init[935]: ci-info: |   4   |   ff00::/8  |    ::   |   enp0s3  |   U   |
[   22.074481] cloud-init[935]: ci-info: +-------+-------------+---------+-----------+-------+
[   23.191417] cloud-init[935]: Generating public/private rsa key pair.
[   23.193686] cloud-init[935]: Your identification has been saved in /etc/ssh/ssh_host_rsa_key.
[   23.196370] cloud-init[935]: Your public key has been saved in /etc/ssh/ssh_host_rsa_key.pub.
[   23.199096] cloud-init[935]: The key fingerprint is:
[   23.200628] cloud-init[935]: SHA256:Xo33/CQR2xCfIeFTDRaS+kYrjvrVu3uhXRFdKYI20aA root@ubuntu-bionic
[   23.204293] cloud-init[935]: The key's randomart image is:
[   23.205802] cloud-init[935]: +---[RSA 2048]----+
[   23.207241] cloud-init[935]: |         o= .+*=*|
[   23.208858] cloud-init[935]: |        .+ oo+o==|
[   23.210567] cloud-init[935]: |       E. ...o+.o|
[   23.211925] cloud-init[935]: |          .o. .* |
[   23.213448] cloud-init[935]: |        S ooo.o o|
[   23.215168] cloud-init[935]: |       . ..o+o...|
[   23.216779] cloud-init[935]: |        .o.o.o+o.|
[   23.218460] cloud-init[935]: |        ... ..o+ |
[   23.232707] cloud-init[935]: |      .o.   ++  .|
[   23.244608] cloud-init[935]: +----[SHA256]-----+
[   23.246228] cloud-init[935]: Generating public/private dsa key pair.
[   23.248520] cloud-init[935]: Your identification has been saved in /etc/ssh/ssh_host_dsa_key.
[   23.251103] cloud-init[935]: Your public key has been saved in /etc/ssh/ssh_host_dsa_key.pub.
[   23.253348] cloud-init[935]: The key fingerprint is:
[   23.254712] cloud-init[935]: SHA256:2rcVwAKVDWv9RrHYSY5z5khA+31vUsyHIXlZSMvj3A0 root@ubuntu-bionic
[   23.257006] cloud-init[935]: The key's randomart image is:
[   23.258634] cloud-init[935]: +---[DSA 1024]----+
[   23.260838] cloud-init[935]: |      .o=+  o....|
[   23.262376] cloud-init[935]: |       ..*.* *.+ |
[   23.263811] cloud-init[935]: |        = O @ E  |
[   23.265184] cloud-init[935]: |       . + @ = O.|
[   23.266831] cloud-init[935]: |        S o * = B|
[   23.268473] cloud-init[935]: |       o   . o o.|
[   23.270166] cloud-init[935]: |      . . . . . o|
[   23.271995] cloud-init[935]: |         . o   o |
[   23.273717] cloud-init[935]: |          .      |
[   23.275296] cloud-init[935]: +----[SHA256]-----+
[   23.277224] cloud-init[935]: Generating public/private ecdsa key pair.
[   23.278959] cloud-init[935]: Your identification has been saved in /etc/ssh/ssh_host_ecdsa_key.
[   23.281712] cloud-init[935]: Your public key has been saved in /etc/ssh/ssh_host_ecdsa_key.pub.
[   23.283847] cloud-init[935]: The key fingerprint is:
[   23.285163] cloud-init[935]: SHA256:eD3479cwPQp6HSpq8dIzi66n901ddde0A1e95ynSjHs root@ubuntu-bionic
[   23.288171] cloud-init[935]: The key's randomart image is:
[   23.289568] cloud-init[935]: +---[ECDSA 256]---+
[   23.290759] cloud-init[935]: |             . .=|
[   23.291970] cloud-init[935]: |              o.+|
[   23.293522] cloud-init[935]: |               o*|
[   23.294808] cloud-init[935]: |       . o     .*|
[   23.296317] cloud-init[935]: |      . S o +  +o|
[   23.298036] cloud-init[935]: |       o . =.=+oo|
[   23.299276] cloud-init[935]: |        + o.*.++.|
[   23.300577] cloud-init[935]: |       =.Bo= E. .|
[   23.302085] cloud-init[935]: |     oB++o*o+.   |
[   23.303241] cloud-init[935]: +----[SHA256]-----+
[   23.304602] cloud-init[935]: Generating public/private ed25519 key pair.
[   23.306620] cloud-init[935]: Your identification has been saved in /etc/ssh/ssh_host_ed25519_key.
[   23.309339] cloud-init[935]: Your public key has been saved in /etc/ssh/ssh_host_ed25519_key.pub.
[   23.311986] cloud-init[935]: The key fingerprint is:
[   23.313270] cloud-init[935]: SHA256:Df62zSMZRzTzD1LwZXaaeDy8f5ShX6RZq+7XGvaW54E root@ubuntu-bionic
[   23.315508] cloud-init[935]: The key's randomart image is:
[   23.316994] cloud-init[935]: +--[ED25519 256]--+
[   23.318269] cloud-init[935]: |            ..  =|
[   23.319564] cloud-init[935]: |            +=.*.|
[   23.321104] cloud-init[935]: |        .  ..=O.o|
[   23.322723] cloud-init[935]: |       . o  o.+B+|
[   23.323962] cloud-init[935]: |        S .. o+=o|
[   23.325315] cloud-init[935]: |         .. . +oo|
[   23.326730] cloud-init[935]: |          o+ Eoo=|
[   23.328012] cloud-init[935]: |         .o+o. =*|
[   23.329366] cloud-init[935]: |          ..++o++|
[   23.330895] cloud-init[935]: +----[SHA256]-----+
[[0;32m  OK  [0m] Started Initial cloud-init job (metadata service crawler).
[[0;32m  OK  [0m] Reached target Network is Online.
         Starting Availability of block devices...
[[0;32m  OK  [0m] Reached target Remote File Systems (Pre).
[[0;32m  OK  [0m] Reached target Remote File Systems.
[[0;32m  OK  [0m] Reached target System Initialization.
[[0;32m  OK  [0m] Listening on D-Bus System Message Bus Socket.
[[0;32m  OK  [0m] Started Ubuntu Advantage Timer for running repeated jobs.
[[0;32m  OK  [0m] Listening on Open-iSCSI iscsid Socket.
         Starting LXD - unix socket.
         Starting Socket activation for snappy daemon.
[[0;32m  OK  [0m] Listening on cloud-init hotplug hook socket.
[[0;32m  OK  [0m] Listening on UUID daemon activation socket.
[[0;32m  OK  [0m] Started Daily Cleanup of Temporary Directories.
[[0;32m  OK  [0m] Listening on ACPID Listen Socket.
[[0;32m  OK  [0m] Started Daily apt download activities.
[[0;32m  OK  [0m] Started Daily apt upgrade and clean activities.
[[0;32m  OK  [0m] Started Message of the Day.
[[0;32m  OK  [0m] Started Discard unused blocks once a week.
[[0;32m  OK  [0m] Reached target Timers.
[[0;32m  OK  [0m] Started ACPI Events Check.
[[0;32m  OK  [0m] Reached target Paths.
[[0;32m  OK  [0m] Reached target Cloud-config availability.
[[0;32m  OK  [0m] Started Availability of block devices.
[[0;32m  OK  [0m] Listening on LXD - unix socket.
[[0;32m  OK  [0m] Listening on Socket activation for snappy daemon.
[[0;32m  OK  [0m] Reached target Sockets.
[[0;32m  OK  [0m] Reached target Basic System.
         Starting Dispatcher daemon for systemd-networkd...
[[0;32m  OK  [0m] Started D-Bus System Message Bus.
[[0;32m  OK  [0m] Started Regular background program processing daemon.
         Starting Virtualbox guest utils...
[[0;32m  OK  [0m] Started Deferred execution scheduler.
[[0;32m  OK  [0m] Started FUSE filesystem for LXC.
[[0;32m  OK  [0m] Reached target Login Prompts (Pre).
         Starting Accounts Service...
         Starting LXD - container startup/shutdown...
         Starting LSB: automatic crash report generation...
[[0;32m  OK  [0m] Started irqbalance daemon.
         Starting System Logging Service...
         Starting Pollinate to seed the pseudo random number generator...
         Starting LSB: Record successful boot for GRUB...
         Starting Permit User Sessions...
         Starting Login Service...
         Starting Snap Daemon...
[[0;32m  OK  [0m] Started Permit User Sessions.
[[0;32m  OK  [0m] Started System Logging Service.
         Starting Hold until boot process finishes up...
         Starting Terminate Plymouth Boot Screen...
         Starting Authorization Manager...
[[0;32m  OK  [0m] Started LSB: automatic crash report generation.
[[0;32m  OK  [0m] Started Hold until boot process finishes up.
[[0;32m  OK  [0m] Started Terminate Plymouth Boot Screen.
[[0;32m  OK  [0m] Started Login Service.
[[0;32m  OK  [0m] Started Unattended Upgrades Shutdown.
[[0;32m  OK  [0m] Started Serial Getty on ttyS0.
         Starting Set console scheme...
[[0;32m  OK  [0m] Started Set console scheme.
[[0;32m  OK  [0m] Created slice system-getty.slice.
[[0;32m  OK  [0m] Started Getty on tty1.
[[0;32m  OK  [0m] Reached target Login Prompts.
[[0;32m  OK  [0m] Started Authorization Manager.
[[0;32m  OK  [0m] Started Accounts Service.
[[0;32m  OK  [0m] Started Dispatcher daemon for systemd-networkd.
[[0;32m  OK  [0m] Started LSB: Record successful boot for GRUB.
[[0;32m  OK  [0m] Started Virtualbox guest utils.
[[0;32m  OK  [0m] Started LXD - container startup/shutdown.
[[0;32m  OK  [0m] Started Snap Daemon.
         Starting Wait until snapd is fully seeded...
         Starting Time & Date Service...
[[0;32m  OK  [0m] Started Time & Date Service.
[[0;32m  OK  [0m] Started Pollinate to seed the pseudo random number generator.
         Starting OpenBSD Secure Shell server...
[[0;32m  OK  [0m] Started OpenBSD Secure Shell server.
[[0;32m  OK  [0m] Created slice User Slice of vagrant.
         Starting User Manager for UID 1000...
[[0;32m  OK  [0m] Started Session 1 of user vagrant.
[[0;32m  OK  [0m] Started User Manager for UID 1000.
[[0;32m  OK  [0m] Started Wait until snapd is fully seeded.
         Starting Apply the settings specified in cloud-config...
[   29.874181] cloud-init[1641]: Cloud-init v. 23.1.2-0ubuntu0~18.04.1 running 'modules:config' at Fri, 28 Jul 2023 18:58:52 +0000. Up 29.43 seconds.

Ubuntu 18.04.6 LTS ubuntu-bionic ttyS0

ubuntu-bionic login: ci-info: no authorized SSH keys fingerprints found for user ubuntu.
<14>Jul 28 18:58:53 cloud-init: #############################################################
<14>Jul 28 18:58:53 cloud-init: -----BEGIN SSH HOST KEY FINGERPRINTS-----
<14>Jul 28 18:58:53 cloud-init: 1024 SHA256:2rcVwAKVDWv9RrHYSY5z5khA+31vUsyHIXlZSMvj3A0 root@ubuntu-bionic (DSA)
<14>Jul 28 18:58:53 cloud-init: 256 SHA256:eD3479cwPQp6HSpq8dIzi66n901ddde0A1e95ynSjHs root@ubuntu-bionic (ECDSA)
<14>Jul 28 18:58:53 cloud-init: 256 SHA256:Df62zSMZRzTzD1LwZXaaeDy8f5ShX6RZq+7XGvaW54E root@ubuntu-bionic (ED25519)
<14>Jul 28 18:58:53 cloud-init: 2048 SHA256:Xo33/CQR2xCfIeFTDRaS+kYrjvrVu3uhXRFdKYI20aA root@ubuntu-bionic (RSA)
<14>Jul 28 18:58:53 cloud-init: -----END SSH HOST KEY FINGERPRINTS-----
<14>Jul 28 18:58:53 cloud-init: #############################################################
-----BEGIN SSH HOST KEY KEYS-----
ecdsa-sha2-nistp256 AAAAE2VjZHNhLXNoYTItbmlzdHAyNTYAAAAIbmlzdHAyNTYAAABBBHqU2V4c/0OIwGcibWaBI8617ndLVdNN8sKWpQacRDX7pjvfElY6ELvxV0DB3WaBXeXwngfosDQP4miYmbYvRGQ= root@ubuntu-bionic
ssh-ed25519 AAAAC3NzaC1lZDI1NTE5AAAAIEc1YEgoe3rMiP07oTz8IgEA4KHm5HUQoBaKScXRqpXA root@ubuntu-bionic
ssh-rsa AAAAB3NzaC1yc2EAAAADAQABAAABAQDIdsN+rjmqj7qtjrxpjlhzL0jPOaBhfvJM583opZi4pZSvT7wjFkLKBGAewhvkMKZzT3G1RBa9stgzOHXtD07+S3dXLnwMMMUliGw/Ul0XV12xm9r9IXSVPIe+oa+cYYT0ATWrfYQE+YfjxQDCTk4lij1n8S7ZpFdO9kShXZ5DQuKcqJ9dP8EspT7r81xyYkcXO/MbQsfmoXww7VXnyyN4J68azkayFjwk2L1b4E8iv/nUo8p6BYT9FiDgogbQ8GfXkLpWdK5L/UkA2e3SvpclboP4Gg2Nc03iIEywNZUW8rr4ITfpACl91gg+WNjfZVD7ewnbWBY3De9OpzKlr7Id root@ubuntu-bionic
-----END SSH HOST KEY KEYS-----
[   30.733826] cloud-init[1800]: Cloud-init v. 23.1.2-0ubuntu0~18.04.1 running 'modules:final' at Fri, 28 Jul 2023 18:58:53 +0000. Up 30.50 seconds.
[   30.733964] cloud-init[1800]: Cloud-init v. 23.1.2-0ubuntu0~18.04.1 finish         Stopping User Manager for UID 1000...
[[0;32m  OK  [0m] Stopped target Host and Network Name Lookups.
[[0;32m  OK  [0m] Stopped target Cloud-init target.
         Stopping Authorization Manager...
         Stopping Session 12 of user vagrant.
[[0;32m  OK  [0m] Closed Load/Save RF Kill Switch Status /dev/rfkill Watch.
[[0;32m  OK  [0m] Stopped target Graphical Interface.
[[0;32m  OK  [0m] Stopped Execute cloud user/final scripts.
[[0;32m  OK  [0m] Stopped Apply the settings specified in cloud-config.
[[0;32m  OK  [0m] Stopped target Cloud-config availability.
[[0;32m  OK  [0m] Stopped target Multi-User System.
         Stopping LXD - container startup/shutdown...
         Stopping D-Bus System Message Bus...
         Stopping Docker Application Container Engine...
         Stopping Deferred execution scheduler...
         Stopping Regular background program processing daemon...
[[0;32m  OK  [0m] Stopped target Login Prompts.
         Stopping Getty on tty1...
         Stopping Serial Getty on ttyS0...
         Stopping LSB: Record successful boot for GRUB...
         Stopping FUSE filesystem for LXC...
         Stopping Unattended Upgrades Shutdown...
         Stopping Dispatcher daemon for systemd-networkd...
         Stopping vboxadd-service.service...
         Stopping System Logging Service...
         Stopping OpenBSD Secure Shell server...
         Stopping irqbalance daemon...
         Stopping LSB: automatic crash report generation...
         Stopping Availability of block devices...
         Stopping Accounts Service...
[[0;32m  OK  [0m] Stopped target Timers.
[[0;32m  OK  [0m] Stopped Daily Cleanup of Temporary Directories.
[[0;32m  OK  [0m] Stopped Discard unused blocks once a week.
[[0;32m  OK  [0m] Stopped Message of the Day.
[[0;32m  OK  [0m] Stopped Daily apt upgrade and clean activities.
[[0;32m  OK  [0m] Stopped Daily apt download activities.
[[0;32m  OK  [0m] Stopped target System Time Synchronized.
[[0;32m  OK  [0m] Stopped Regular background program processing daemon.
[[0;32m  OK  [0m] Stopped Deferred execution scheduler.
[[0;32m  OK  [0m] Stopped irqbalance daemon.
[[0;32m  OK  [0m] Stopped Dispatcher daemon for systemd-networkd.
[[0;32m  OK  [0m] Stopped Getty on tty1.
[[0;32m  OK  [0m] Unmounted /var/lib/lxcfs.
[[0;32m  OK  [0m] Stopped Accounts Service.
[[0;32m  OK  [0m] Stopped System Logging Service.
[[0;32m  OK  [0m] Stopped Unattended Upgrades Shutdown.
[[0;32m  OK  [0m] Stopped Serial Getty on ttyS0.
[[0;32m  OK  [0m] Stopped Authorization Manager.
[[0;32m  OK  [0m] Stopped OpenBSD Secure Shell server.
[[0;32m  OK  [0m] Stopped User Manager for UID 1000.
[[0;32m  OK  [0m] Stopped D-Bus System Message Bus.
[[0;32m  OK  [0m] Stopped FUSE filesystem for LXC.
[[0;32m  OK  [0m] Stopped Session 12 of user vagrant.
[[0;32m  OK  [0m] Removed slice User Slice of vagrant.
[[0;32m  OK  [0m] Removed slice system-serial\x2dgetty.slice.
         Stopping Login Service...
[[0;32m  OK  [0m] Stopped target Login Prompts (Pre).
         Stopping Permit User Sessions...
[[0;32m  OK  [0m] Removed slice system-getty.slice.
[[0;32m  OK  [0m] Stopped LXD - container startup/shutdown.
[[0;32m  OK  [0m] Stopped Availability of block devices.
[[0;32m  OK  [0m] Stopped Permit User Sessions.
[[0;32m  OK  [0m] Stopped Login Service.
[[0;32m  OK  [0m] Stopped target User and Group Name Lookups.
[[0;32m  OK  [0m] Stopped LSB: Record successful boot for GRUB.
[[0;32m  OK  [0m] Stopped LSB: automatic crash report generation.
[[0;32m  OK  [0m] Stopped target Remote File Systems.
         Unmounting /vagrant...
[[0;32m  OK  [0m] Unmounted /vagrant.
[[0;32m  OK  [0m] Stopped target Remote File Systems (Pre).
[[0;32m  OK  [0m] Stopped vboxadd-service.service.
         Stopping vboxadd.service...
[[0;32m  OK  [0m] Stopped vboxadd.service.
[[0;32m  OK  [0m] Unmounted /run/docker/netns/a8ea4991f9f0.
[[0;32m  OK  [0m] Unmounted /var/lib/docker/overlay2/…17a2cd05706726a3b795cf463c/merged.
[[0;32m  OK  [0m] Unmounted /run/docker/netns/1-h5ct0wx3x9.
[[0;32m  OK  [0m] Unmounted /run/docker/netns/ingress_sbox.
[[0;32m  OK  [0m] Stopped Docker Application Container Engine.
         Stopping containerd container runtime...
[[0;32m  OK  [0m] Stopped target Network is Online.
[[0;32m  OK  [0m] Stopped containerd container runtime.
[[0;32m  OK  [0m] Stopped target Basic System.
[[0;32m  OK  [0m] Stopped target Slices.
[[0;32m  OK  [0m] Removed slice User and Session Slice.
[[0;32m  OK  [0m] Stopped target Paths.
[[0;32m  OK  [0m] Stopped ACPI Events Check.
[[0;32m  OK  [0m] Stopped target Sockets.
[[0;32m  OK  [0m] Closed ACPID Listen Socket.
[[0;32m  OK  [0m] Closed cloud-init hotplug hook socket.
[[0;32m  OK  [0m] Closed D-Bus System Message Bus Socket.
[[0;32m  OK  [0m] Closed LXD - unix socket.
[[0;32m  OK  [0m] Closed Syslog Socket.
[[0;32m  OK  [0m] Closed Open-iSCSI iscsid Socket.
[[0;32m  OK  [0m] Closed Docker Socket for the API.
[[0;32m  OK  [0m] Closed UUID daemon activation socket.
[[0;32m  OK  [0m] Stopped target System Initialization.
[[0;32m  OK  [0m] Stopped Initial cloud-init job (metadata service crawler).
[[0;32m  OK  [0m] Stopped target Local Encrypted Volumes.
[[0;32m  OK  [0m] Stopped Forward Password Requests to Wall Directory Watch.
[[0;32m  OK  [0m] Stopped Dispatch Password Requests to Console Directory Watch.
         Stopping Load/Save Random Seed...
[[0;32m  OK  [0m] Stopped Commit a transient machine-id on disk.
         Stopping Update UTMP about System Boot/Shutdown...
[[0;32m  OK  [0m] Stopped target Network.
         Stopping Network Name Resolution...
[[0;32m  OK  [0m] Stopped Update UTMP about System Boot/Shutdown.
[[0;32m  OK  [0m] Stopped Network Name Resolution.
[[0;32m  OK  [0m] Stopped Load/Save Random Seed.
[[0;32m  OK  [0m] Stopped Create Volatile Files and Directories.
[[0;32m  OK  [0m] Stopped target Local File Systems.
         Unmounting /run/user/1000...
         Stopping Network Service...
[[0;32m  OK  [0m] Unmounted /run/user/1000.
[[0;32m  OK  [0m] Reached target Unmount All Filesystems.
[[0;32m  OK  [0m] Stopped target Swap.
[[0;32m  OK  [0m] Stopped target Local File Systems (Pre).
         Stopping Monitoring of LVM2 mirrors…ng dmeventd or progress polling...
[[0;32m  OK  [0m] Stopped Create Static Device Nodes in /dev.
[[0;32m  OK  [0m] Stopped Monitoring of LVM2 mirrors,…sing dmeventd or progress polling.
         Stopping LVM2 metadata daemon...
[[0;32m  OK  [0m] Stopped LVM2 metadata daemon.
[[0;32m  OK  [0m] Stopped Network Service.
[[0;32m  OK  [0m] Stopped target Network (Pre).
[[0;32m  OK  [0m] Stopped Initial cloud-init job (pre-networking).
[[0;32m  OK  [0m] Stopped Remount Root and Kernel File Systems.
[[0;32m  OK  [0m] Stopped Apply Kernel Variables.
[[0;32m  OK  [0m] Stopped Load Kernel Modules.
[[0;32m  OK  [0m] Reached target Shutdown.
[[0;32m  OK  [0m] Reached target Final Step.
         Starting Reboot...
[25736.732198] reboot: Restarting system
[    0.000000] Linux version 4.15.0-213-generic (buildd@lcy02-amd64-079) (gcc version 7.5.0 (Ubuntu 7.5.0-3ubuntu1~18.04)) #224-Ubuntu SMP Mon Jun 19 13:30:12 UTC 2023 (Ubuntu 4.15.0-213.224-generic 4.15.18)
[    0.000000] Command line: BOOT_IMAGE=/boot/vmlinuz-4.15.0-213-generic root=UUID=f685bb41-0e3b-40c4-89c1-eea0f0583525 ro console=tty1 console=ttyS0
[    0.000000] KERNEL supported cpus:
[    0.000000]   Intel GenuineIntel
[    0.000000]   AMD AuthenticAMD
[    0.000000]   Centaur CentaurHauls
[    0.000000] x86/fpu: x87 FPU will use FXSAVE
[    0.000000] e820: BIOS-provided physical RAM map:
[    0.000000] BIOS-e820: [mem 0x0000000000000000-0x000000000009fbff] usable
[    0.000000] BIOS-e820: [mem 0x000000000009fc00-0x000000000009ffff] reserved
[    0.000000] BIOS-e820: [mem 0x00000000000f0000-0x00000000000fffff] reserved
[    0.000000] BIOS-e820: [mem 0x0000000000100000-0x000000007ffeffff] usable
[    0.000000] BIOS-e820: [mem 0x000000007fff0000-0x000000007fffffff] ACPI data
[    0.000000] BIOS-e820: [mem 0x00000000fec00000-0x00000000fec00fff] reserved
[    0.000000] BIOS-e820: [mem 0x00000000fee00000-0x00000000fee00fff] reserved
[    0.000000] BIOS-e820: [mem 0x00000000fffc0000-0x00000000ffffffff] reserved
[    0.000000] NX (Execute Disable) protection: active
[    0.000000] SMBIOS 2.5 present.
[    0.000000] DMI: innotek GmbH VirtualBox/VirtualBox, BIOS VirtualBox 12/01/2006
[    0.000000] Hypervisor detected: KVM
[    0.000000] e820: last_pfn = 0x7fff0 max_arch_pfn = 0x400000000
[    0.000000] MTRR: Disabled
[    0.000000] x86/PAT: MTRRs disabled, skipping PAT initialization too.
[    0.000000] CPU MTRRs all blank - virtualized system.
[    0.000000] x86/PAT: Configuration [0-7]: WB  WT  UC- UC  WB  WT  UC- UC  
[    0.000000] found SMP MP-table at [mem 0x0009fff0-0x0009ffff]
[    0.000000] Scanning 1 areas for low memory corruption
[    0.000000] RAMDISK: [mem 0x35819000-0x36c03fff]
[    0.000000] ACPI: Early table checksum verification disabled
[    0.000000] ACPI: RSDP 0x00000000000E0000 000024 (v02 VBOX  )
[    0.000000] ACPI: XSDT 0x000000007FFF0030 00003C (v01 VBOX   VBOXXSDT 00000001 ASL  00000061)
[    0.000000] ACPI: FACP 0x000000007FFF00F0 0000F4 (v04 VBOX   VBOXFACP 00000001 ASL  00000061)
[    0.000000] ACPI: DSDT 0x000000007FFF0610 002353 (v02 VBOX   VBOXBIOS 00000002 INTL 20100528)
[    0.000000] ACPI: FACS 0x000000007FFF0200 000040
[    0.000000] ACPI: FACS 0x000000007FFF0200 000040
[    0.000000] ACPI: APIC 0x000000007FFF0240 00005C (v02 VBOX   VBOXAPIC 00000001 ASL  00000061)
[    0.000000] ACPI: SSDT 0x000000007FFF02A0 00036C (v01 VBOX   VBOXCPUT 00000002 INTL 20100528)
[    0.000000] ACPI: Reserving FACP table memory at [mem 0x7fff00f0-0x7fff01e3]
[    0.000000] ACPI: Reserving DSDT table memory at [mem 0x7fff0610-0x7fff2962]
[    0.000000] ACPI: Reserving FACS table memory at [mem 0x7fff0200-0x7fff023f]
[    0.000000] ACPI: Reserving FACS table memory at [mem 0x7fff0200-0x7fff023f]
[    0.000000] ACPI: Reserving APIC table memory at [mem 0x7fff0240-0x7fff029b]
[    0.000000] ACPI: Reserving SSDT table memory at [mem 0x7fff02a0-0x7fff060b]
[    0.000000] No NUMA configuration found
[    0.000000] Faking a node at [mem 0x0000000000000000-0x000000007ffeffff]
[    0.000000] NODE_DATA(0) allocated [mem 0x7ffc5000-0x7ffeffff]
[    0.000000] kvm-clock: cpu 0, msr 0:7ff44001, primary cpu clock
[    0.000000] kvm-clock: Using msrs 4b564d01 and 4b564d00
[    0.000000] kvm-clock: using sched offset of 25745317462660 cycles
[    0.000000] clocksource: kvm-clock: mask: 0xffffffffffffffff max_cycles: 0x1cd42e4dffb, max_idle_ns: 881590591483 ns
[    0.000000] Zone ranges:
[    0.000000]   DMA      [mem 0x0000000000001000-0x0000000000ffffff]
[    0.000000]   DMA32    [mem 0x0000000001000000-0x000000007ffeffff]
[    0.000000]   Normal   empty
[    0.000000]   Device   empty
[    0.000000] Movable zone start for each node
[    0.000000] Early memory node ranges
[    0.000000]   node   0: [mem 0x0000000000001000-0x000000000009efff]
[    0.000000]   node   0: [mem 0x0000000000100000-0x000000007ffeffff]
[    0.000000] Reserved but unavailable: 104 pages
[    0.000000] Initmem setup node 0 [mem 0x0000000000001000-0x000000007ffeffff]
[    0.000000] ACPI: PM-Timer IO Port: 0x4008
[    0.000000] IOAPIC[0]: apic_id 2, version 32, address 0xfec00000, GSI 0-23
[    0.000000] ACPI: INT_SRC_OVR (bus 0 bus_irq 0 global_irq 2 dfl dfl)
[    0.000000] ACPI: INT_SRC_OVR (bus 0 bus_irq 9 global_irq 9 low level)
[    0.000000] Using ACPI (MADT) for SMP configuration information
[    0.000000] smpboot: Allowing 2 CPUs, 0 hotplug CPUs
[    0.000000] PM: Registered nosave memory: [mem 0x00000000-0x00000fff]
[    0.000000] PM: Registered nosave memory: [mem 0x0009f000-0x0009ffff]
[    0.000000] PM: Registered nosave memory: [mem 0x000a0000-0x000effff]
[    0.000000] PM: Registered nosave memory: [mem 0x000f0000-0x000fffff]
[    0.000000] e820: [mem 0x80000000-0xfebfffff] available for PCI devices
[    0.000000] Booting paravirtualized kernel on KVM
[    0.000000] clocksource: refined-jiffies: mask: 0xffffffff max_cycles: 0xffffffff, max_idle_ns: 7645519600211568 ns
[    0.000000] setup_percpu: NR_CPUS:8192 nr_cpumask_bits:2 nr_cpu_ids:2 nr_node_ids:1
[    0.000000] percpu: Embedded 50 pages/cpu s167936 r8192 d28672 u1048576
[    0.000000] PV qspinlock hash table entries: 256 (order: 0, 4096 bytes)
[    0.000000] Built 1 zonelists, mobility grouping on.  Total pages: 515961
[    0.000000] Policy zone: DMA32
[    0.000000] Kernel command line: BOOT_IMAGE=/boot/vmlinuz-4.15.0-213-generic root=UUID=f685bb41-0e3b-40c4-89c1-eea0f0583525 ro console=tty1 console=ttyS0
[    0.000000] Memory: 2013968K/2096696K available (12300K kernel code, 2477K rwdata, 4324K rodata, 2480K init, 2720K bss, 82728K reserved, 0K cma-reserved)
[    0.000000] SLUB: HWalign=64, Order=0-3, MinObjects=0, CPUs=2, Nodes=1
[    0.000000] ftrace: allocating 39508 entries in 155 pages
[    0.004000] Hierarchical RCU implementation.
[    0.004000] 	RCU restricting CPUs from NR_CPUS=8192 to nr_cpu_ids=2.
[    0.004000] 	Tasks RCU enabled.
[    0.004000] RCU: Adjusting geometry for rcu_fanout_leaf=16, nr_cpu_ids=2
[    0.004000] NR_IRQS: 524544, nr_irqs: 440, preallocated irqs: 16
[    0.004000] random: crng init done
[    0.004000] Console: colour VGA+ 80x25
[    0.004000] console [tty1] enabled
[    0.004000] console [ttyS0] enabled
[    0.004000] ACPI: Core revision 20170831
[    0.004000] ACPI: 2 ACPI AML tables successfully acquired and loaded
[    0.004000] APIC: Switch to symmetric I/O mode setup
[    0.004000] ..TIMER: vector=0x30 apic1=0 pin1=2 apic2=-1 pin2=-1
[    0.004005] tsc: Detected 2995.198 MHz processor
[    0.008008] Calibrating delay loop (skipped) preset value.. 5990.39 BogoMIPS (lpj=11980792)
[    0.012008] pid_max: default: 32768 minimum: 301
[    0.015657] Security Framework initialized
[    0.016004] Yama: becoming mindful.
[    0.020063] AppArmor: AppArmor initialized
[    0.024206] Dentry cache hash table entries: 262144 (order: 9, 2097152 bytes)
[    0.028098] Inode-cache hash table entries: 131072 (order: 8, 1048576 bytes)
[    0.036010] Mount-cache hash table entries: 4096 (order: 3, 32768 bytes)
[    0.040041] Mountpoint-cache hash table entries: 4096 (order: 3, 32768 bytes)
[    0.048387] Last level iTLB entries: 4KB 0, 2MB 0, 4MB 0
[    0.052003] Last level dTLB entries: 4KB 0, 2MB 0, 4MB 0, 1GB 0
[    0.055919] Spectre V1 : Mitigation: usercopy/swapgs barriers and __user pointer sanitization
[    0.056007] Spectre V2 : Mitigation: Enhanced IBRS
[    0.060002] Spectre V2 : Spectre v2 / SpectreRSB mitigation: Filling RSB on context switch
[    0.064003] Spectre V2 : Spectre v2 / PBRSB-eIBRS: Retire a single CALL on VMEXIT
[    0.068005] RETBleed: Mitigation: Enhanced IBRS
[    0.072002] Speculative Store Bypass: Vulnerable
[    0.076136] Freeing SMP alternatives memory: 36K
[    0.184205] APIC calibration not consistent with PM-Timer: 94ms instead of 100ms
[    0.188000] APIC delta adjusted to PM-Timer: 6251081 (5885503)
[    0.188282] smpboot: CPU0: 11th Gen Intel(R) Core(TM) i3-1115G4 @ 3.00GHz (family: 0x6, model: 0x8c, stepping: 0x1)
[    0.192273] Performance Events: unsupported p6 CPU model 140 no PMU driver, software events only.
[    0.196097] Hierarchical SRCU implementation.
[    0.200541] NMI watchdog: Perf event create on CPU 0 failed with -2
[    0.204005] NMI watchdog: Perf NMI watchdog permanently disabled
[    0.208198] smp: Bringing up secondary CPUs ...
[    0.216254] x86: Booting SMP configuration:
[    0.220031] .... node  #0, CPUs:      #1
[    0.004000] kvm-clock: cpu 1, msr 0:7ff44041, secondary cpu clock
[    0.235510] TSC synchronization [CPU#0 -> CPU#1]:
[    0.236000] Measured 44234 cycles TSC warp between CPUs, turning off TSC clock.
[    0.236000] tsc: Marking TSC unstable due to check_tsc_sync_source failed
[    0.236105] smp: Brought up 1 node, 2 CPUs
[    0.240011] smpboot: Max logical packages: 1
[    0.243267] smpboot: Total of 2 processors activated (11980.79 BogoMIPS)
[    0.244287] devtmpfs: initialized
[    0.248102] x86/mm: Memory block size: 128MB
[    0.252450] evm: security.selinux
[    0.256007] evm: security.SMACK64
[    0.259255] evm: security.SMACK64EXEC
[    0.260005] evm: security.SMACK64TRANSMUTE
[    0.264008] evm: security.SMACK64MMAP
[    0.268005] evm: security.apparmor
[    0.270272] evm: security.ima
[    0.272003] evm: security.capability
[    0.276430] clocksource: jiffies: mask: 0xffffffff max_cycles: 0xffffffff, max_idle_ns: 7645041785100000 ns
[    0.280109] futex hash table entries: 512 (order: 3, 32768 bytes)
[    0.284068] pinctrl core: initialized pinctrl subsystem
[    0.288312] RTC time: 22:59:57, date: 07/28/23
[    0.293336] NET: Registered protocol family 16
[    0.296128] audit: initializing netlink subsys (disabled)
[    0.300307] audit: type=2000 audit(1690719105.086:1): state=initialized audit_enabled=0 res=1
[    0.312010] cpuidle: using governor ladder
[    0.315066] cpuidle: using governor menu
[    0.316077] ACPI: bus type PCI registered
[    0.320006] acpiphp: ACPI Hot Plug PCI Controller Driver version: 0.5
[    0.324627] PCI: Using configuration type 1 for base access
[    0.332597] HugeTLB registered 2.00 MiB page size, pre-allocated 0 pages
[    0.340292] ACPI: Added _OSI(Module Device)
[    0.344009] ACPI: Added _OSI(Processor Device)
[    0.348005] ACPI: Added _OSI(3.0 _SCP Extensions)
[    0.352005] ACPI: Added _OSI(Processor Aggregator Device)
[    0.356006] ACPI: Added _OSI(Linux-Dell-Video)
[    0.360006] ACPI: Added _OSI(Linux-Lenovo-NV-HDMI-Audio)
[    0.364031] ACPI: Added _OSI(Linux-HPI-Hybrid-Graphics)
[    0.368818] ACPI: Executed 1 blocks of module-level executable AML code
[    0.380312] ACPI: Interpreter enabled
[    0.383909] ACPI: (supports S0 S5)
[    0.384005] ACPI: Using IOAPIC for interrupt routing
[    0.388552] PCI: Using host bridge windows from ACPI; if necessary, use "pci=nocrs" and report a bug
[    0.392297] ACPI: Enabled 2 GPEs in block 00 to 07
[    0.407362] ACPI: PCI Root Bridge [PCI0] (domain 0000 [bus 00-ff])
[    0.408015] acpi PNP0A03:00: _OSC: OS supports [ASPM ClockPM Segments MSI]
[    0.412790] acpi PNP0A03:00: _OSC: not requesting OS control; OS requires [ExtendedConfig ASPM ClockPM MSI]
[    0.416020] acpi PNP0A03:00: fail to add MMCONFIG information, can't access extended PCI configuration space under this bridge.
[    0.420570] PCI host bridge to bus 0000:00
[    0.424004] pci_bus 0000:00: root bus resource [io  0x0000-0x0cf7 window]
[    0.428009] pci_bus 0000:00: root bus resource [io  0x0d00-0xffff window]
[    0.432005] pci_bus 0000:00: root bus resource [mem 0x000a0000-0x000bffff window]
[    0.436005] pci_bus 0000:00: root bus resource [mem 0x80000000-0xfdffffff window]
[    0.440009] pci_bus 0000:00: root bus resource [bus 00-ff]
[    0.449682] pci 0000:00:01.1: legacy IDE quirk: reg 0x10: [io  0x01f0-0x01f7]
[    0.452066] pci 0000:00:01.1: legacy IDE quirk: reg 0x14: [io  0x03f6]
[    0.456005] pci 0000:00:01.1: legacy IDE quirk: reg 0x18: [io  0x0170-0x0177]
[    0.460003] pci 0000:00:01.1: legacy IDE quirk: reg 0x1c: [io  0x0376]
[    0.483796] pci 0000:00:07.0: quirk: [io  0x4000-0x403f] claimed by PIIX4 ACPI
[    0.484049] pci 0000:00:07.0: quirk: [io  0x4100-0x410f] claimed by PIIX4 SMB
[    0.500119] ACPI: PCI Interrupt Link [LNKA] (IRQs 5 9 10 *11)
[    0.504459] ACPI: PCI Interrupt Link [LNKB] (IRQs 5 9 *10 11)
[    0.508161] ACPI: PCI Interrupt Link [LNKC] (IRQs 5 *9 10 11)
[    0.512185] ACPI: PCI Interrupt Link [LNKD] (IRQs 5 9 10 *11)
[    0.516462] SCSI subsystem initialized
[    0.520356] pci 0000:00:02.0: vgaarb: setting as boot VGA device
[    0.524000] pci 0000:00:02.0: vgaarb: VGA device added: decodes=io+mem,owns=io+mem,locks=none
[    0.524010] pci 0000:00:02.0: vgaarb: bridge control possible
[    0.528002] vgaarb: loaded
[    0.532068] ACPI: bus type USB registered
[    0.534977] usbcore: registered new interface driver usbfs
[    0.536014] usbcore: registered new interface driver hub
[    0.540018] usbcore: registered new device driver usb
[    0.544192] EDAC MC: Ver: 3.0.0
[    0.548784] PCI: Using ACPI for IRQ routing
[    0.552666] NetLabel: Initializing
[    0.556003] NetLabel:  domain hash size = 128
[    0.560003] NetLabel:  protocols = UNLABELED CIPSOv4 CALIPSO
[    0.564105] NetLabel:  unlabeled traffic allowed by default
[    0.572007] clocksource: Switched to clocksource kvm-clock
[    0.607450] VFS: Disk quotas dquot_6.6.0
[    0.610265] VFS: Dquot-cache hash table entries: 512 (order 0, 4096 bytes)
[    0.610265] AppArmor: AppArmor Filesystem Enabled
[    0.610265] pnp: PnP ACPI init
[    0.610265] pnp: PnP ACPI: found 3 devices
[    0.662692] clocksource: acpi_pm: mask: 0xffffff max_cycles: 0xffffff, max_idle_ns: 2085701024 ns
[    0.664125] NET: Registered protocol family 2
[    0.664125] IP idents hash table entries: 32768 (order: 6, 262144 bytes)
[    0.679299] TCP established hash table entries: 16384 (order: 5, 131072 bytes)
[    0.684465] TCP bind hash table entries: 16384 (order: 6, 262144 bytes)
[    0.689222] TCP: Hash tables configured (established 16384 bind 16384)
[    0.693064] UDP hash table entries: 1024 (order: 3, 32768 bytes)
[    0.693064] UDP-Lite hash table entries: 1024 (order: 3, 32768 bytes)
[    0.693064] NET: Registered protocol family 1
[    0.693064] pci 0000:00:00.0: Limiting direct PCI/PCI transfers
[    0.693064] pci 0000:00:01.0: Activating ISA DMA hang workarounds
[    0.693064] pci 0000:00:02.0: Video device with shadowed ROM at [mem 0x000c0000-0x000dffff]
[    0.693064] Unpacking initramfs...
[    1.051301] Freeing initrd memory: 20396K
[    1.055389] clocksource: tsc: mask: 0xffffffffffffffff max_cycles: 0x2b2c8d6afc8, max_idle_ns: 440795331172 ns
[    1.063596] platform rtc_cmos: registered platform RTC device (no PNP device found)
[    1.070526] Scanning for low memory corruption every 60 seconds
[    1.076000] Initialise system trusted keyrings
[    1.079548] Key type blacklist registered
[    1.083085] workingset: timestamp_bits=36 max_order=19 bucket_order=0
[    1.089534] zbud: loaded
[    1.092501] squashfs: version 4.0 (2009/01/31) Phillip Lougher
[    1.097015] fuse init (API version 7.26)
[    1.116867] Key type asymmetric registered
[    1.120899] Asymmetric key parser 'x509' registered
[    1.125407] Block layer SCSI generic (bsg) driver version 0.4 loaded (major 246)
[    1.131695] io scheduler noop registered
[    1.135020] io scheduler deadline registered
[    1.139524] io scheduler cfq registered (default)
[    1.143706] ACPI: AC Adapter [AC] (on-line)
[    1.146790] input: Power Button as /devices/LNXSYSTM:00/LNXPWRBN:00/input/input0
[    1.153575] ACPI: Power Button [PWRF]
[    1.156283] input: Sleep Button as /devices/LNXSYSTM:00/LNXSLPBN:00/input/input1
[    1.161820] ACPI: Sleep Button [SLPF]
[    1.166882] ACPI: Battery Slot [BAT0] (battery present)
[    1.172345] Serial: 8250/16550 driver, 32 ports, IRQ sharing enabled
[    1.206133] 00:02: ttyS0 at I/O 0x3f8 (irq = 4, base_baud = 115200) is a 16550A
[    1.240981] Linux agpgart interface v0.103
[    1.259382] loop: module loaded
[    1.266534] scsi host0: ata_piix
[    1.274398] scsi host1: ata_piix
[    1.280318] ata1: PATA max UDMA/33 cmd 0x1f0 ctl 0x3f6 bmdma 0xd000 irq 14
[    1.290253] ata2: PATA max UDMA/33 cmd 0x170 ctl 0x376 bmdma 0xd008 irq 15
[    1.300637] tun: Universal TUN/TAP device driver, 1.6
[    1.309286] PPP generic driver version 2.4.2
[    1.314130] ehci_hcd: USB 2.0 'Enhanced' Host Controller (EHCI) Driver
[    1.320842] ehci-pci: EHCI PCI platform driver
[    1.327364] ehci-platform: EHCI generic platform driver
[    1.331998] ohci_hcd: USB 1.1 'Open' Host Controller (OHCI) Driver
[    1.337781] ohci-pci: OHCI PCI platform driver
[    1.341927] ohci-platform: OHCI generic platform driver
[    1.346195] uhci_hcd: USB Universal Host Controller Interface driver
[    1.351424] i8042: PNP: PS/2 Controller [PNP0303:PS2K,PNP0f03:PS2M] at 0x60,0x64 irq 1,12
[    1.362278] serio: i8042 KBD port at 0x60,0x64 irq 1
[    1.366299] serio: i8042 AUX port at 0x60,0x64 irq 12
[    1.371667] mousedev: PS/2 mouse device common for all mice
[    1.382153] rtc_cmos rtc_cmos: rtc core: registered rtc_cmos as rtc0
[    1.390387] input: AT Translated Set 2 keyboard as /devices/platform/i8042/serio0/input/input2
[    1.396975] rtc_cmos rtc_cmos: alarms up to one day, 114 bytes nvram
[    1.406839] i2c /dev entries driver
[    1.410100] device-mapper: uevent: version 1.0.3
[    1.413795] device-mapper: ioctl: 4.37.0-ioctl (2017-09-20) initialised: dm-devel@redhat.com
[    1.422737] ledtrig-cpu: registered to indicate activity on CPUs
[    1.431329] NET: Registered protocol family 10
[    1.444104] Segment Routing with IPv6
[    1.446950] NET: Registered protocol family 17
[    1.450900] Key type dns_resolver registered
[    1.516986] mce: Using 0 MCE banks
[    1.520544] RAS: Correctable Errors collector initialized.
[    1.527464] sched_clock: Marking stable (1527339435, 0)->(2250731188, -723391753)
[    1.541585] registered taskstats version 1
[    1.546364] Loading compiled-in X.509 certificates
[    1.555447] Loaded X.509 cert 'Build time autogenerated kernel key: cdc7189136aaa35407544516090e2034d9c28e14'
[    1.566141] Loaded X.509 cert 'Canonical Ltd. Live Patch Signing: 14df34d1a87cf37625abec039ef2bf521249b969'
[    1.576205] Loaded X.509 cert 'Canonical Ltd. Kernel Module Signing: 88f752e560a1e0737e31163a466ad7b70a850c19'
[    1.584574] blacklist: Loading compiled-in revocation X.509 certificates
[    1.591492] Loaded X.509 cert 'Canonical Ltd. Secure Boot Signing: 61482aa2830d0ab2ad5af10b7250da9033ddcef0'
[    1.599826] Loaded X.509 cert 'Canonical Ltd. Secure Boot Signing (2017): 242ade75ac4a15e50d50c84b0d45ff3eae707a03'
[    1.609287] Loaded X.509 cert 'Canonical Ltd. Secure Boot Signing (ESM 2018): 365188c1d374d6b07c3c8f240f8ef722433d6a8b'
[    1.616998] Loaded X.509 cert 'Canonical Ltd. Secure Boot Signing (2019): c0746fd6c5da3ae827864651ad66ae47fe24b3e8'
[    1.625975] Loaded X.509 cert 'Canonical Ltd. Secure Boot Signing (2021 v1): a8d54bbb3825cfb94fa13c9f8a594a195c107b8d'
[    1.633482] Loaded X.509 cert 'Canonical Ltd. Secure Boot Signing (2021 v2): 4cf046892d6fd3c9a5b03f98d845f90851dc6a8c'
[    1.642711] Loaded X.509 cert 'Canonical Ltd. Secure Boot Signing (2021 v3): 100437bb6de6e469b581e61cd66bce3ef4ed53af'
[    1.650706] Loaded X.509 cert 'Canonical Ltd. Secure Boot Signing (Ubuntu Core 2019): c1d57b8f6b743f23ee41f4f7ee292f06eecadfb9'
[    1.659565] zswap: loaded using pool lzo/zbud
[    1.670416] Key type big_key registered
[    1.673588] Key type trusted registered
[    1.679368] Key type encrypted registered
[    1.682746] AppArmor: AppArmor sha1 policy hashing enabled
[    1.687818] ima: No TPM chip found, activating TPM-bypass! (rc=-19)
[    1.692660] ima: Allocated hash algorithm: sha1
[    1.696265] evm: HMAC attrs: 0x1
[    1.699556]   Magic number: 15:887:1008
[    1.703725] rtc_cmos rtc_cmos: setting system clock to 2023-07-28 22:59:58 UTC (1690585198)
[    1.710577] BIOS EDD facility v0.16 2004-Jun-25, 0 devices found
[    1.714997] EDD information not available.
[    1.721160] Freeing unused kernel image memory: 2480K
[    1.740364] Write protecting the kernel read-only data: 20480k
[    1.746744] Freeing unused kernel image memory: 2008K
[    1.751829] Freeing unused kernel image memory: 1820K
[    1.761354] x86/mm: Checked W+X mappings: passed, no W+X pages found.
Loading, please wait...
starting version 237
[    1.843001] e1000: Intel(R) PRO/1000 Network Driver - version 7.3.21-k8-NAPI
[    1.847861] e1000: Copyright (c) 1999-2006 Intel Corporation.
[    1.875396] Fusion MPT base driver 3.04.20
[    1.878890] Copyright (c) 1999-2008 LSI Corporation
[    1.888526] SSE version of gcm_enc/dec engaged.
[    1.915747] Fusion MPT SPI Host driver 3.04.20
[    2.101527] input: ImExPS/2 Generic Explorer Mouse as /devices/platform/i8042/serio1/input/input4
[    2.582522] e1000 0000:00:03.0 eth0: (PCI:33MHz:32-bit) 02:3b:7b:b7:3b:2d
[    2.589845] e1000 0000:00:03.0 eth0: Intel(R) PRO/1000 Network Connection
[    2.597897] mptbase: ioc0: Initiating bringup
[    2.715956] ioc0: LSI53C1030 A0: Capabilities={Initiator}
[    2.982982] scsi host2: ioc0: LSI53C1030 A0, FwRev=00000000h, Ports=1, MaxQ=256, IRQ=20
[    3.161459] scsi 2:0:0:0: Direct-Access     VBOX     HARDDISK         1.0  PQ: 0 ANSI: 5
[    3.205311] scsi target2:0:0: Beginning Domain Validation
[    3.219415] scsi target2:0:0: Domain Validation skipping write tests
[    3.225516] scsi target2:0:0: Ending Domain Validation
[    3.231410] scsi target2:0:0: asynchronous
[    3.239528] scsi 2:0:1:0: Direct-Access     VBOX     HARDDISK         1.0  PQ: 0 ANSI: 5
[    3.588902] scsi target2:0:1: Beginning Domain Validation
[    3.604180] scsi target2:0:1: Domain Validation skipping write tests
[    3.610642] scsi target2:0:1: Ending Domain Validation
[    3.616100] scsi target2:0:1: asynchronous
[    3.657375] sd 2:0:0:0: [sda] 83886080 512-byte logical blocks: (42.9 GB/40.0 GiB)
[    3.662988] sd 2:0:0:0: Attached scsi generic sg0 type 0
[    3.681280] sd 2:0:0:0: [sda] Write Protect is off
[    3.691712] sd 2:0:1:0: Attached scsi generic sg1 type 0
[    3.695147] sd 2:0:1:0: [sdb] 20480 512-byte logical blocks: (10.5 MB/10.0 MiB)
[    3.705436] sd 2:0:1:0: [sdb] Write Protect is off
[    3.710562] sd 2:0:0:0: [sda] Incomplete mode parameter data
[    3.715015] sd 2:0:0:0: [sda] Assuming drive cache: write through
[    3.721472] sd 2:0:1:0: [sdb] Incomplete mode parameter data
[    3.727858] sd 2:0:1:0: [sdb] Assuming drive cache: write through
[    3.747630]  sda: sda1
[    3.759004] sd 2:0:0:0: [sda] Attached SCSI disk
[    3.763667] sd 2:0:1:0: [sdb] Attached SCSI disk
[    3.909726] e1000 0000:00:08.0 eth1: (PCI:33MHz:32-bit) 08:00:27:42:d9:60
[    3.915119] e1000 0000:00:08.0 eth1: Intel(R) PRO/1000 Network Connection
[    3.925452] e1000 0000:00:08.0 enp0s8: renamed from eth1
[    3.944520] e1000 0000:00:03.0 enp0s3: renamed from eth0
Begin: Loading essential drivers ... [    6.124412] raid6: sse2x1   gen() 13524 MB/s
[    6.172723] raid6: sse2x1   xor()  7959 MB/s
[    6.224280] raid6: sse2x2   gen() 13641 MB/s
[    6.276348] raid6: sse2x2   xor() 11244 MB/s
[    6.324488] raid6: sse2x4   gen() 17691 MB/s
[    6.372477] raid6: sse2x4   xor()  9990 MB/s
[    6.376053] raid6: using algorithm sse2x4 gen() 17691 MB/s
[    6.379991] raid6: .... xor() 9990 MB/s, rmw enabled
[    6.383776] raid6: using ssse3x2 recovery algorithm
[    6.390570] xor: measuring software checksum speed
[    6.486663]    prefetch64-sse: 53181.000 MB/sec
[    6.590985]    generic_sse: 47883.000 MB/sec
[    6.595197] xor: using function: prefetch64-sse (53181.000 MB/sec)
[    6.602766] async_tx: api initialized (async)
done.
Begin: Running /scripts/init-premount ... done.
Begin: Mounting root file system ... Begin: Running /scripts/local-top ... done.
Begin: Running /scripts/local-premount ... [    6.666574] Btrfs loaded, crc32c=crc32c-intel
Scanning for Btrfs filesystems
done.
Begin: Will now check root file system ... fsck from util-linux 2.31.1
[/sbin/fsck.ext4 (1) -- /dev/sda1] fsck.ext4 -a -C0 /dev/sda1 
cloudimg-rootfs: clean, 125254/5120000 files, 1126114/10485499 blocks
done.
[    6.756832] EXT4-fs (sda1): mounted filesystem with ordered data mode. Opts: (null)
done.
Begin: Running /scripts/local-bottom ... done.
Begin: Running /scripts/init-bottom ... done.
[    7.091016] ip_tables: (C) 2000-2006 Netfilter Core Team
[    7.120965] systemd[1]: systemd 237 running in system mode. (+PAM +AUDIT +SELINUX +IMA +APPARMOR +SMACK +SYSVINIT +UTMP +LIBCRYPTSETUP +GCRYPT +GNUTLS +ACL +XZ +LZ4 +SECCOMP +BLKID +ELFUTILS +KMOD -IDN2 +IDN -PCRE2 default-hierarchy=hybrid)
[    7.141528] systemd[1]: Detected virtualization oracle.
[    7.146818] systemd[1]: Detected architecture x86-64.

Welcome to [1mUbuntu 18.04.6 LTS[0m!

[    7.179403] systemd[1]: Set hostname to <contralplane>.
[    7.600098] systemd[1]: Reached target System Time Synchronized.
[[0;32m  OK  [0m] Reached target System Time Synchronized.
[    7.606633] systemd[1]: Reached target User and Group Name Lookups.
[[0;32m  OK  [0m] Reached target User and Group Name Lookups.
[    7.612590] systemd[1]: Started Forward Password Requests to Wall Directory Watch.
[[0;32m  OK  [0m] Started Forward Password Requests to Wall Directory Watch.
[    7.620871] systemd[1]: Set up automount Arbitrary Executable File Formats File System Automount Point.
[[0;32m  OK  [0m] Set up automount Arbitrary Executab…rmats File System Automount Point.
[    7.643503] systemd[1]: Created slice System Slice.
[[0;32m  OK  [0m] Created slice System Slice.
[    7.648632] systemd[1]: Listening on udev Control Socket.
[[0;32m  OK  [0m] Listening on udev Control Socket.
[[0;32m  OK  [0m] Listening on Journal Audit Socket.
[[0;32m  OK  [0m] Listening on Device-mapper event daemon FIFOs.
[[0;32m  OK  [0m] Listening on Journal Socket.
         Starting Load Kernel Modules...
[[0;32m  OK  [0m] Listening on LVM2 poll daemon socket.
         Starting Uncomplicated firewall...
[[0;32m  OK  [0m] Listening on udev Kernel Socket.
[[0;32m  OK  [0m] Listening on Journal Socket (/dev/log).
[[0;32m  OK  [0m] Created slice system-serial\x2dgetty.slice.
         Mounting POSIX Message Queue File System...
[[0;32m  OK  [0m] Listening on LVM2 metadata daemon socket.
         Starting Monitoring of LVM2 mirrors…ng dmeventd or progress polling...
         Starting Create list of required st…ce nodes for the current kernel...
[[0;32m  OK  [0m] Listening on fsck to fsckd communication Socket.
         Starting Remount Root and Kernel File Systems...
         Starting Set the console keyboard layout...
[[0;32m  OK  [0m] Listening on Network Service Netlink Socket.
         Mounting Huge Pages File System...
[[0;32m  OK  [0m] Listening on /dev/initctl Compatibility Named Pipe.
[[0;32m  OK  [0m] Reached target Swap.
[[0;32m  OK  [0m] Listening on Syslog Socket.
         Starting Journal Service...
         Mounting Kernel Debug File System...
         Starting udev Coldplug all Devices...
[[0;32m  OK  [0m] Created slice User and Session Slice.
[[0;32m  OK  [0m] Reached target Slices.
[[0;32m  OK  [0m] Started Uncomplicated firewall.
[[0;32m  OK  [0m] Mounted POSIX Message Queue File System.
[[0;32m  OK  [0m] Mounted Huge Pages File System.
[[0;32m  OK  [0m] Mounted Kernel Debug File System.
[[0;32m  OK  [0m] Started LVM2 metadata daemon.
[[0;32m  OK  [0m] Started Create list of required sta…vice nodes for the current kernel.
         Starting Create Static Device Nodes in /dev...
[[0;32m  OK  [0m] Started udev Coldplug all Devices.
[    7.797749] Loading iSCSI transport class v2.0-870.
[[0;32m  OK  [0m] Started Journal Service.
[    7.852788] EXT4-fs (sda1): re-mounted. Opts: (null)
[[0;32m  OK  [0m] Started Create Static Device Nodes in /dev.
[[0;32m  OK  [0m] Started Remount Root and Kernel File Systems.
         Starting Load/Save Random Seed...
         Starting Flush Journal to Persistent Storage...
         Starting udev Kernel Device Manager...
[[0;32m  OK  [0m] Started Monitoring of LVM2 mirrors,…sing dmeventd or progress polling.
[[0;32m  OK  [0m] Started Load/Save Random Seed.
[    7.927954] systemd-journald[422]: Received request to flush runtime journal from PID 1
[    7.937624] iscsi: registered transport (tcp)
[    7.964202] systemd-journald[422]: File /var/log/journal/f9f89768d9cb4daa814befd80651a7e6/system.journal corrupted or uncleanly shut down, renaming and replacing.
[[0;32m  OK  [0m] Started udev Kernel Device Manager.
[    8.045881] iscsi: registered transport (iser)
[[0;32m  OK  [0m] Started Load Kernel Modules.
         Starting Apply Kernel Variables...
         Mounting FUSE Control File System...
         Mounting Kernel Configuration File System...
[[0;32m  OK  [0m] Mounted Kernel Configuration File System.
[[0;32m  OK  [0m] Mounted FUSE Control File System.
[[0;32m  OK  [0m] Started Set the console keyboard layout.
[[0;32m  OK  [0m] Started Dispatch Password Requests to Console Directory Watch.
[[0;32m  OK  [0m] Reached target Local Encrypted Volumes.
[[0;32m  OK  [0m] Reached target Local File Systems (Pre).
[[0;32m  OK  [0m] Reached target Local File Systems.
         Starting Tell Plymouth To Write Out Runtime Data...
         Starting ebtables ruleset management...
         Starting Set console font and keymap...
         Starting AppArmor initialization...
[[0;32m  OK  [0m] Started Apply Kernel Variables.
[[0;32m  OK  [0m] Started Flush Journal to Persistent Storage.
         Starting Create Volatile Files and Directories...
[[0;32m  OK  [0m] Started Tell Plymouth To Write Out Runtime Data.
[[0;32m  OK  [0m] Started Set console font and keymap.
[[0;32m  OK  [0m] Started Create Volatile Files and Directories.
         Starting Update UTMP about System Boot/Shutdown...
[[0;32m  OK  [0m] Started Update UTMP about System Boot/Shutdown.
[[0;32m  OK  [0m] Started ebtables ruleset management.
[[0;32m  OK  [0m] Found device /dev/ttyS0.
[[0;32m  OK  [0m] Started AppArmor initialization.
         Starting Initial cloud-init job (pre-networking)...
[[0;32m  OK  [0m] Listening on Load/Save RF Kill Switch Status /dev/rfkill Watch.
[   10.702127] cloud-init[581]: Cloud-init v. 23.1.2-0ubuntu0~18.04.1 running 'init-local' at Fri, 28 Jul 2023 23:00:07 +0000. Up 10.49 seconds.
[[0;32m  OK  [0m] Started Initial cloud-init job (pre-networking).
[[0;32m  OK  [0m] Reached target Network (Pre).
         Starting Network Service...
[[0;32m  OK  [0m] Started Network Service.
         Starting Network Name Resolution...
         Starting Wait for Network to be Configured...
[[0;32m  OK  [0m] Started Network Name Resolution.
[[0;32m  OK  [0m] Reached target Network.
[[0;32m  OK  [0m] Reached target Host and Network Name Lookups.
[[0;32m  OK  [0m] Started Wait for Network to be Configured.
         Starting Initial cloud-init job (metadata service crawler)...
[   13.214302] cloud-init[718]: Cloud-init v. 23.1.2-0ubuntu0~18.04.1 running 'init' at Fri, 28 Jul 2023 23:00:09 +0000. Up 12.86 seconds.
[   13.230637] cloud-init[718]: ci-info: ++++++++++++++++++++++++++++++++++++++Net device info+++++++++++++++++++++++++++++++++++++++
[   13.245587] cloud-init[718]: ci-info: +--------+------+-----------------------------+---------------+--------+-------------------+
[   13.252272] cloud-init[718]: ci-info: | Device |  Up  |           Address           |      Mask     | Scope  |     Hw-Address    |
[   13.262150] cloud-init[718]: ci-info: +--------+------+-----------------------------+---------------+--------+-------------------+
[   13.272660] cloud-init[718]: ci-info: | enp0s3 | True |          10.0.2.15          | 255.255.255.0 | global | 02:3b:7b:b7:3b:2d |
[   13.284353] cloud-init[718]: ci-info: | enp0s3 | True |  fe80::3b:7bff:feb7:3b2d/64 |       .       |  link  | 02:3b:7b:b7:3b:2d |
[   13.296368] cloud-init[718]: ci-info: | enp0s8 | True |         10.10.10.200        | 255.255.255.0 | global | 08:00:27:42:d9:60 |
[   13.311105] cloud-init[718]: ci-info: | enp0s8 | True | fe80::a00:27ff:fe42:d960/64 |       .       |  link  | 08:00:27:42:d9:60 |
[   13.318794] cloud-init[718]: ci-info: |   lo   | True |          127.0.0.1          |   255.0.0.0   |  host  |         .         |
[   13.329849] cloud-init[718]: ci-info: |   lo   | True |           ::1/128           |       .       |  host  |         .         |
[   13.341017] cloud-init[718]: ci-info: +--------+------+-----------------------------+---------------+--------+-------------------+
[   13.348084] cloud-init[718]: ci-info: ++++++++++++++++++++++++++++Route IPv4 info+++++++++++++++++++++++++++++
[   13.359723] cloud-init[718]: ci-info: +-------+-------------+----------+-----------------+-----------+-------+
[   13.364854] cloud-init[718]: ci-info: | Route | Destination | Gateway  |     Genmask     | Interface | Flags |
[   13.372593] cloud-init[718]: ci-info: +-------+-------------+----------+-----------------+-----------+-------+
[   13.379406] cloud-init[718]: ci-info: |   0   |   0.0.0.0   | 10.0.2.2 |     0.0.0.0     |   enp0s3  |   UG  |
[   13.385886] cloud-init[718]: ci-info: |   1   |   10.0.2.0  | 0.0.0.0  |  255.255.255.0  |   enp0s3  |   U   |
[   13.394124] cloud-init[718]: ci-info: |   2   |   10.0.2.2  | 0.0.0.0  | 255.255.255.255 |   enp0s3  |   UH  |
[   13.398547] cloud-init[718]: ci-info: |   3   |  10.10.10.0 | 0.0.0.0  |  255.255.255.0  |   enp0s8  |   U   |
[   13.410075] cloud-init[718]: ci-info: +-------+-------------+----------+-----------------+-----------+-------+
[   13.414893] cloud-init[718]: ci-info: +++++++++++++++++++Route IPv6 info+++++++++++++++++++
[   13.425476] cloud-init[718]: ci-info: +-------+-------------+---------+-----------+-------+
[   13.430284] cloud-init[718]: ci-info: | Route | Destination | Gateway | Interface | Flags |
[   13.435367] cloud-init[718]: ci-info: +-------+-------------+---------+-----------+-------+
[   13.442500] cloud-init[718]: ci-info: |   1   |  fe80::/64  |    ::   |   enp0s8  |   U   |
[   13.446411] cloud-init[718]: ci-info: |   2   |  fe80::/64  |    ::   |   enp0s3  |   U   |
[   13.451924] cloud-init[718]: ci-info: |   4   |    local    |    ::   |   enp0s3  |   U   |
[   13.459257] cloud-init[718]: ci-info: |   5   |    local    |    ::   |   enp0s8  |   U   |
[   13.463640] cloud-init[718]: ci-info: |   6   |   ff00::/8  |    ::   |   enp0s8  |   U   |
[   13.474759] cloud-init[718]: ci-info: |   7   |   ff00::/8  |    ::   |   enp0s3  |   U   |
[   13.479766] cloud-init[718]: ci-info: +-------+-------------+---------+-----------+-------+
[[0;32m  OK  [0m] Started Initial cloud-init job (metadata service crawler).
[[0;32m  OK  [0m] Reached target Network is Online.
[[0;32m  OK  [0m] Reached target Remote File Systems (Pre).
         Starting Availability of block devices...
         Mounting /vagrant...
[[0;32m  OK  [0m] Reached target Cloud-config availability.
[[0;32m  OK  [0m] Reached target System Initialization.
[[0;32m  OK  [0m] Listening on Open-iSCSI iscsid Socket.
[[0;32m  OK  [0m] Listening on cloud-init hotplug hook socket.
[[0;32m  OK  [0m] Listening on UUID daemon activation socket.
[[0;32m  OK  [0m] Started Discard unused blocks once a week.
[[0;32m  OK  [0m] Listening on D-Bus System Message Bus Socket.
[[0;32m  OK  [0m] Listening on ACPID Listen Socket.
         Starting LXD - unix socket.
[[0;32m  OK  [0m] Started Daily Cleanup of Temporary Directories.
[[0;32m  OK  [0m] Started ACPI Events Check.
[[0;32m  OK  [0m] Reached target Paths.
[[0;32m  OK  [0m] Started Daily apt download activities.
[[0;32m  OK  [0m] Started Daily apt upgrade and clean activities.
[[0;32m  OK  [0m] Started Message of the Day.
[[0;32m  OK  [0m] Reached target Timers.
         Starting Docker Socket for the API.
[[0;32m  OK  [0m] Started Availability of block devices.
[[0;32m  OK  [0m] Listening on LXD - unix socket.
[[0;32m  OK  [0m] Listening on Docker Socket for the API.
[[0;32m  OK  [0m] Reached target Sockets.
[[0;32m  OK  [0m] Reached target Basic System.
[[0;32m  OK  [0m] Started FUSE filesystem for LXC.
[[0;32m  OK  [0m] Started Regular background program processing daemon.
[[0;32m  OK  [0m] Started D-Bus System Message Bus.
[[0;32m  OK  [0m] Started Deferred execution scheduler.
         Starting System Logging Service...
         Starting LSB: Record successful boot for GRUB...
         Starting Dispatcher daemon for systemd-networkd...
         Starting Login Service...
         Starting vboxadd.service...
         Starting LXD - container startup/shutdown...
         Starting OpenBSD Secure Shell server...
         Starting Accounts Service...
[[0;32m  OK  [0m] Started irqbalance daemon.
         Starting Apply the settings specified in cloud-config...
         Starting containerd container runtime...
[[0;32m  OK  [0m] Started System Logging Service.
[[0;1;31mFAILED[0m] Failed to mount /vagrant.
See 'systemctl status vagrant.mount' for details.
[[0;1;33mDEPEND[0m] Dependency failed for Remote File Systems.
[[0;32m  OK  [0m] Started Login Service.
[[0;32m  OK  [0m] Started Unattended Upgrades Shutdown.
         Starting LSB: automatic crash report generation...
         Starting Permit User Sessions...
[[0;32m  OK  [0m] Started Permit User Sessions.
         Starting Terminate Plymouth Boot Screen...
         Starting Hold until boot process finishes up...
[[0;32m  OK  [0m] Started Hold until boot process finishes up.
[[0;32m  OK  [0m] Started Serial Getty on ttyS0.
         Starting Set console scheme...
[[0;32m  OK  [0m] Started Terminate Plymouth Boot Screen.
[[0;32m  OK  [0m] Started Set console scheme.
[[0;32m  OK  [0m] Created slice system-getty.slice.
[[0;32m  OK  [0m] Started Getty on tty1.
[[0;32m  OK  [0m] Reached target Login Prompts.
[[0;32m  OK  [0m] Started OpenBSD Secure Shell server.
[[0;32m  OK  [0m] Started LSB: automatic crash report generation.
[[0;32m  OK  [0m] Started LSB: Record successful boot for GRUB.
         Starting Authorization Manager...
[[0;32m  OK  [0m] Started Authorization Manager.
[[0;32m  OK  [0m] Started Accounts Service.
[[0;32m  OK  [0m] Started Dispatcher daemon for systemd-networkd.
[[0;32m  OK  [0m] Started LXD - container startup/shutdown.
[   15.308948] cloud-init[896]: Cloud-init v. 23.1.2-0ubuntu0~18.04.1 running 'modules:config' at Fri, 28 Jul 2023 23:00:11 +0000. Up 14.93 seconds.
[[0;32m  OK  [0m] Started Apply the settings specified in cloud-config.
[[0;32m  OK  [0m] Started containerd container runtime.
         Starting Docker Application Container Engine...
[[0;1;31mFAILED[0m] Failed to start Docker Application Container Engine.
See 'systemctl status docker.service' for details.
[[0;32m  OK  [0m] Stopped Docker Application Container Engine.
         Starting Docker Application Container Engine...
[[0;1;31mFAILED[0m] Failed to start Docker Application Container Engine.
See 'systemctl status docker.service' for details.

Ubuntu 18.04.6 LTS contralplane ttyS0

contralplane login: [   42.027530] cloud-init[9098]: Cloud-init v. 23.1.2-0ubuntu0~18.04.1 running 'modules:final' at Sun, 30 Jul 2023 05:03:09 +0000. Up 41.84 seconds.
[   42.027641] cloud-init[9098]: Cloud-init v. 23.1.2-0ubuntu0~18.04.1 finished at Sun, 30 Jul 2023 05:03:10 +0000. Datasource DataSourceNoCloud [seed=/dev/sdb][dsmode=net].  Up 42.01 seconds
